[0.641s] DEBUG:colcon:Command line arguments: ['/usr/bin/colcon', 'build', '--symlink-install']
[0.641s] DEBUG:colcon:Parsed command line arguments: Namespace(log_base=None, log_level=None, verb_name='build', build_base='build', install_base='install', merge_install=False, symlink_install=True, test_result_base=None, continue_on_error=False, executor='parallel', parallel_workers=8, event_handlers=None, ignore_user_meta=False, metas=['./colcon.meta'], base_paths=['.'], packages_ignore=None, packages_ignore_regex=None, paths=None, packages_up_to=None, packages_up_to_regex=None, packages_above=None, packages_above_and_dependencies=None, packages_above_depth=None, packages_select_by_dep=None, packages_skip_by_dep=None, packages_skip_up_to=None, packages_select_build_failed=False, packages_skip_build_finished=False, packages_select_test_failures=False, packages_skip_test_passed=False, packages_select=None, packages_skip=None, packages_select_regex=None, packages_skip_regex=None, packages_start=None, packages_end=None, allow_overriding=[], cmake_args=None, cmake_target=None, cmake_target_skip_unavailable=False, cmake_clean_cache=False, cmake_clean_first=False, cmake_force_configure=False, ament_cmake_args=None, catkin_cmake_args=None, catkin_skip_building_tests=False, mixin_files=None, mixin=None, verb_parser=<colcon_mixin.mixin.mixin_argument.MixinArgumentDecorator object at 0x7dbd238b4470>, verb_extension=<colcon_core.verb.build.BuildVerb object at 0x7dbd238b40e0>, main=<bound method BuildVerb.main of <colcon_core.verb.build.BuildVerb object at 0x7dbd238b40e0>>, mixin_verb=('build',))
[0.777s] Level 1:colcon.colcon_core.package_discovery:discover_packages(colcon_meta) check parameters
[0.778s] Level 1:colcon.colcon_core.package_discovery:discover_packages(recursive) check parameters
[0.778s] Level 1:colcon.colcon_core.package_discovery:discover_packages(ignore) check parameters
[0.778s] Level 1:colcon.colcon_core.package_discovery:discover_packages(path) check parameters
[0.778s] Level 1:colcon.colcon_core.package_discovery:discover_packages(colcon_meta) discover
[0.778s] Level 1:colcon.colcon_core.package_discovery:discover_packages(recursive) discover
[0.779s] INFO:colcon.colcon_core.package_discovery:Crawling recursively for packages in '/home/averot/mobile_robot'
[0.779s] Level 1:colcon.colcon_core.package_identification:_identify(.) by extensions ['ignore', 'ignore_ament_install']
[0.780s] Level 1:colcon.colcon_core.package_identification:_identify(.) by extension 'ignore'
[0.780s] Level 1:colcon.colcon_core.package_identification:_identify(.) by extension 'ignore_ament_install'
[0.781s] Level 1:colcon.colcon_core.package_identification:_identify(.) by extensions ['colcon_pkg']
[0.781s] Level 1:colcon.colcon_core.package_identification:_identify(.) by extension 'colcon_pkg'
[0.781s] Level 1:colcon.colcon_core.package_identification:_identify(.) by extensions ['colcon_meta']
[0.781s] Level 1:colcon.colcon_core.package_identification:_identify(.) by extension 'colcon_meta'
[0.782s] Level 1:colcon.colcon_core.package_identification:_identify(.) by extensions ['ros']
[0.782s] Level 1:colcon.colcon_core.package_identification:_identify(.) by extension 'ros'
[0.858s] Level 1:colcon.colcon_core.package_identification:_identify(.) by extensions ['cmake', 'python']
[0.858s] Level 1:colcon.colcon_core.package_identification:_identify(.) by extension 'cmake'
[0.858s] Level 1:colcon.colcon_core.package_identification:_identify(.) by extension 'python'
[0.858s] Level 1:colcon.colcon_core.package_identification:_identify(.) by extensions ['python_setup_py']
[0.859s] Level 1:colcon.colcon_core.package_identification:_identify(.) by extension 'python_setup_py'
[0.859s] Level 1:colcon.colcon_core.package_identification:_identify(build) by extensions ['ignore', 'ignore_ament_install']
[0.859s] Level 1:colcon.colcon_core.package_identification:_identify(build) by extension 'ignore'
[0.859s] Level 1:colcon.colcon_core.package_identification:_identify(build) ignored
[0.859s] Level 1:colcon.colcon_core.package_identification:_identify(install) by extensions ['ignore', 'ignore_ament_install']
[0.860s] Level 1:colcon.colcon_core.package_identification:_identify(install) by extension 'ignore'
[0.860s] Level 1:colcon.colcon_core.package_identification:_identify(install) ignored
[0.860s] Level 1:colcon.colcon_core.package_identification:_identify(log) by extensions ['ignore', 'ignore_ament_install']
[0.860s] Level 1:colcon.colcon_core.package_identification:_identify(log) by extension 'ignore'
[0.860s] Level 1:colcon.colcon_core.package_identification:_identify(log) ignored
[0.860s] Level 1:colcon.colcon_core.package_identification:_identify(ros2_ws) by extensions ['ignore', 'ignore_ament_install']
[0.861s] Level 1:colcon.colcon_core.package_identification:_identify(ros2_ws) by extension 'ignore'
[0.861s] Level 1:colcon.colcon_core.package_identification:_identify(ros2_ws) by extension 'ignore_ament_install'
[0.861s] Level 1:colcon.colcon_core.package_identification:_identify(ros2_ws) by extensions ['colcon_pkg']
[0.861s] Level 1:colcon.colcon_core.package_identification:_identify(ros2_ws) by extension 'colcon_pkg'
[0.861s] Level 1:colcon.colcon_core.package_identification:_identify(ros2_ws) by extensions ['colcon_meta']
[0.861s] Level 1:colcon.colcon_core.package_identification:_identify(ros2_ws) by extension 'colcon_meta'
[0.861s] Level 1:colcon.colcon_core.package_identification:_identify(ros2_ws) by extensions ['ros']
[0.861s] Level 1:colcon.colcon_core.package_identification:_identify(ros2_ws) by extension 'ros'
[0.861s] Level 1:colcon.colcon_core.package_identification:_identify(ros2_ws) by extensions ['cmake', 'python']
[0.861s] Level 1:colcon.colcon_core.package_identification:_identify(ros2_ws) by extension 'cmake'
[0.862s] Level 1:colcon.colcon_core.package_identification:_identify(ros2_ws) by extension 'python'
[0.862s] Level 1:colcon.colcon_core.package_identification:_identify(ros2_ws) by extensions ['python_setup_py']
[0.862s] Level 1:colcon.colcon_core.package_identification:_identify(ros2_ws) by extension 'python_setup_py'
[0.862s] Level 1:colcon.colcon_core.package_identification:_identify(ros2_ws/build) by extensions ['ignore', 'ignore_ament_install']
[0.863s] Level 1:colcon.colcon_core.package_identification:_identify(ros2_ws/build) by extension 'ignore'
[0.864s] Level 1:colcon.colcon_core.package_identification:_identify(ros2_ws/build) ignored
[0.864s] Level 1:colcon.colcon_core.package_identification:_identify(ros2_ws/install) by extensions ['ignore', 'ignore_ament_install']
[0.864s] Level 1:colcon.colcon_core.package_identification:_identify(ros2_ws/install) by extension 'ignore'
[0.865s] Level 1:colcon.colcon_core.package_identification:_identify(ros2_ws/install) ignored
[0.866s] Level 1:colcon.colcon_core.package_identification:_identify(ros2_ws/log) by extensions ['ignore', 'ignore_ament_install']
[0.866s] Level 1:colcon.colcon_core.package_identification:_identify(ros2_ws/log) by extension 'ignore'
[0.867s] Level 1:colcon.colcon_core.package_identification:_identify(ros2_ws/log) ignored
[0.867s] Level 1:colcon.colcon_core.package_identification:_identify(ros2_ws/src) by extensions ['ignore', 'ignore_ament_install']
[0.867s] Level 1:colcon.colcon_core.package_identification:_identify(ros2_ws/src) by extension 'ignore'
[0.867s] Level 1:colcon.colcon_core.package_identification:_identify(ros2_ws/src) by extension 'ignore_ament_install'
[0.867s] Level 1:colcon.colcon_core.package_identification:_identify(ros2_ws/src) by extensions ['colcon_pkg']
[0.867s] Level 1:colcon.colcon_core.package_identification:_identify(ros2_ws/src) by extension 'colcon_pkg'
[0.868s] Level 1:colcon.colcon_core.package_identification:_identify(ros2_ws/src) by extensions ['colcon_meta']
[0.868s] Level 1:colcon.colcon_core.package_identification:_identify(ros2_ws/src) by extension 'colcon_meta'
[0.868s] Level 1:colcon.colcon_core.package_identification:_identify(ros2_ws/src) by extensions ['ros']
[0.868s] Level 1:colcon.colcon_core.package_identification:_identify(ros2_ws/src) by extension 'ros'
[0.868s] Level 1:colcon.colcon_core.package_identification:_identify(ros2_ws/src) by extensions ['cmake', 'python']
[0.868s] Level 1:colcon.colcon_core.package_identification:_identify(ros2_ws/src) by extension 'cmake'
[0.868s] Level 1:colcon.colcon_core.package_identification:_identify(ros2_ws/src) by extension 'python'
[0.868s] Level 1:colcon.colcon_core.package_identification:_identify(ros2_ws/src) by extensions ['python_setup_py']
[0.868s] Level 1:colcon.colcon_core.package_identification:_identify(ros2_ws/src) by extension 'python_setup_py'
[0.868s] Level 1:colcon.colcon_core.package_identification:_identify(ros2_ws/src/mobile_robot_description) by extensions ['ignore', 'ignore_ament_install']
[0.868s] Level 1:colcon.colcon_core.package_identification:_identify(ros2_ws/src/mobile_robot_description) by extension 'ignore'
[0.868s] Level 1:colcon.colcon_core.package_identification:_identify(ros2_ws/src/mobile_robot_description) by extension 'ignore_ament_install'
[0.869s] Level 1:colcon.colcon_core.package_identification:_identify(ros2_ws/src/mobile_robot_description) by extensions ['colcon_pkg']
[0.869s] Level 1:colcon.colcon_core.package_identification:_identify(ros2_ws/src/mobile_robot_description) by extension 'colcon_pkg'
[0.869s] Level 1:colcon.colcon_core.package_identification:_identify(ros2_ws/src/mobile_robot_description) by extensions ['colcon_meta']
[0.869s] Level 1:colcon.colcon_core.package_identification:_identify(ros2_ws/src/mobile_robot_description) by extension 'colcon_meta'
[0.869s] Level 1:colcon.colcon_core.package_identification:_identify(ros2_ws/src/mobile_robot_description) by extensions ['ros']
[0.869s] Level 1:colcon.colcon_core.package_identification:_identify(ros2_ws/src/mobile_robot_description) by extension 'ros'
[0.877s] DEBUG:colcon.colcon_core.package_identification:Package 'ros2_ws/src/mobile_robot_description' with type 'ros.ament_cmake' and name 'mobile_robot_description'
[0.877s] Level 1:colcon.colcon_core.package_identification:_identify(ros2_ws/src/mobile_robot_gazebo) by extensions ['ignore', 'ignore_ament_install']
[0.877s] Level 1:colcon.colcon_core.package_identification:_identify(ros2_ws/src/mobile_robot_gazebo) by extension 'ignore'
[0.877s] Level 1:colcon.colcon_core.package_identification:_identify(ros2_ws/src/mobile_robot_gazebo) by extension 'ignore_ament_install'
[0.877s] Level 1:colcon.colcon_core.package_identification:_identify(ros2_ws/src/mobile_robot_gazebo) by extensions ['colcon_pkg']
[0.878s] Level 1:colcon.colcon_core.package_identification:_identify(ros2_ws/src/mobile_robot_gazebo) by extension 'colcon_pkg'
[0.878s] Level 1:colcon.colcon_core.package_identification:_identify(ros2_ws/src/mobile_robot_gazebo) by extensions ['colcon_meta']
[0.878s] Level 1:colcon.colcon_core.package_identification:_identify(ros2_ws/src/mobile_robot_gazebo) by extension 'colcon_meta'
[0.878s] Level 1:colcon.colcon_core.package_identification:_identify(ros2_ws/src/mobile_robot_gazebo) by extensions ['ros']
[0.878s] Level 1:colcon.colcon_core.package_identification:_identify(ros2_ws/src/mobile_robot_gazebo) by extension 'ros'
[0.879s] DEBUG:colcon.colcon_core.package_identification:Package 'ros2_ws/src/mobile_robot_gazebo' with type 'ros.ament_cmake' and name 'mobile_robot_gazebo'
[0.879s] Level 1:colcon.colcon_core.package_discovery:discover_packages(recursive) using defaults
[0.880s] Level 1:colcon.colcon_core.package_discovery:discover_packages(ignore) discover
[0.880s] Level 1:colcon.colcon_core.package_discovery:discover_packages(ignore) using defaults
[0.880s] Level 1:colcon.colcon_core.package_discovery:discover_packages(path) discover
[0.880s] Level 1:colcon.colcon_core.package_discovery:discover_packages(path) using defaults
[0.926s] Level 1:colcon.colcon_core.package_discovery:discover_packages(prefix_path) check parameters
[0.926s] Level 1:colcon.colcon_core.package_discovery:discover_packages(prefix_path) discover
[0.932s] DEBUG:colcon.colcon_installed_package_information.package_discovery:Found 2 installed packages in /home/averot/mobile_robot/install
[0.933s] DEBUG:colcon.colcon_installed_package_information.package_discovery:Found 2 installed packages in /home/averot/mobile_robot/ros2_ws/install
[0.936s] DEBUG:colcon.colcon_installed_package_information.package_discovery:Found 391 installed packages in /opt/ros/jazzy
[0.939s] Level 1:colcon.colcon_core.package_discovery:discover_packages(prefix_path) using defaults
[1.066s] Level 5:colcon.colcon_core.verb:set package 'mobile_robot_description' build argument 'cmake_args' from command line to 'None'
[1.066s] Level 5:colcon.colcon_core.verb:set package 'mobile_robot_description' build argument 'cmake_target' from command line to 'None'
[1.067s] Level 5:colcon.colcon_core.verb:set package 'mobile_robot_description' build argument 'cmake_target_skip_unavailable' from command line to 'False'
[1.067s] Level 5:colcon.colcon_core.verb:set package 'mobile_robot_description' build argument 'cmake_clean_cache' from command line to 'False'
[1.067s] Level 5:colcon.colcon_core.verb:set package 'mobile_robot_description' build argument 'cmake_clean_first' from command line to 'False'
[1.067s] Level 5:colcon.colcon_core.verb:set package 'mobile_robot_description' build argument 'cmake_force_configure' from command line to 'False'
[1.067s] Level 5:colcon.colcon_core.verb:set package 'mobile_robot_description' build argument 'ament_cmake_args' from command line to 'None'
[1.067s] Level 5:colcon.colcon_core.verb:set package 'mobile_robot_description' build argument 'catkin_cmake_args' from command line to 'None'
[1.067s] Level 5:colcon.colcon_core.verb:set package 'mobile_robot_description' build argument 'catkin_skip_building_tests' from command line to 'False'
[1.067s] DEBUG:colcon.colcon_core.verb:Building package 'mobile_robot_description' with the following arguments: {'ament_cmake_args': None, 'build_base': '/home/averot/mobile_robot/build/mobile_robot_description', 'catkin_cmake_args': None, 'catkin_skip_building_tests': False, 'cmake_args': None, 'cmake_clean_cache': False, 'cmake_clean_first': False, 'cmake_force_configure': False, 'cmake_target': None, 'cmake_target_skip_unavailable': False, 'install_base': '/home/averot/mobile_robot/install/mobile_robot_description', 'merge_install': False, 'path': '/home/averot/mobile_robot/ros2_ws/src/mobile_robot_description', 'symlink_install': True, 'test_result_base': None}
[1.067s] Level 5:colcon.colcon_core.verb:set package 'mobile_robot_gazebo' build argument 'cmake_args' from command line to 'None'
[1.067s] Level 5:colcon.colcon_core.verb:set package 'mobile_robot_gazebo' build argument 'cmake_target' from command line to 'None'
[1.067s] Level 5:colcon.colcon_core.verb:set package 'mobile_robot_gazebo' build argument 'cmake_target_skip_unavailable' from command line to 'False'
[1.067s] Level 5:colcon.colcon_core.verb:set package 'mobile_robot_gazebo' build argument 'cmake_clean_cache' from command line to 'False'
[1.067s] Level 5:colcon.colcon_core.verb:set package 'mobile_robot_gazebo' build argument 'cmake_clean_first' from command line to 'False'
[1.067s] Level 5:colcon.colcon_core.verb:set package 'mobile_robot_gazebo' build argument 'cmake_force_configure' from command line to 'False'
[1.067s] Level 5:colcon.colcon_core.verb:set package 'mobile_robot_gazebo' build argument 'ament_cmake_args' from command line to 'None'
[1.068s] Level 5:colcon.colcon_core.verb:set package 'mobile_robot_gazebo' build argument 'catkin_cmake_args' from command line to 'None'
[1.068s] Level 5:colcon.colcon_core.verb:set package 'mobile_robot_gazebo' build argument 'catkin_skip_building_tests' from command line to 'False'
[1.068s] DEBUG:colcon.colcon_core.verb:Building package 'mobile_robot_gazebo' with the following arguments: {'ament_cmake_args': None, 'build_base': '/home/averot/mobile_robot/build/mobile_robot_gazebo', 'catkin_cmake_args': None, 'catkin_skip_building_tests': False, 'cmake_args': None, 'cmake_clean_cache': False, 'cmake_clean_first': False, 'cmake_force_configure': False, 'cmake_target': None, 'cmake_target_skip_unavailable': False, 'install_base': '/home/averot/mobile_robot/install/mobile_robot_gazebo', 'merge_install': False, 'path': '/home/averot/mobile_robot/ros2_ws/src/mobile_robot_gazebo', 'symlink_install': True, 'test_result_base': None}
[1.068s] INFO:colcon.colcon_core.executor:Executing jobs using 'parallel' executor
[1.069s] DEBUG:colcon.colcon_parallel_executor.executor.parallel:run_until_complete
[1.069s] INFO:colcon.colcon_ros.task.ament_cmake.build:Building ROS package in '/home/averot/mobile_robot/ros2_ws/src/mobile_robot_description' with build type 'ament_cmake'
[1.070s] INFO:colcon.colcon_cmake.task.cmake.build:Building CMake package in '/home/averot/mobile_robot/ros2_ws/src/mobile_robot_description'
[1.075s] INFO:colcon.colcon_core.plugin_system:Skipping extension 'colcon_core.shell.bat': Not used on non-Windows systems
[1.075s] INFO:colcon.colcon_core.shell:Skip shell extension 'powershell' for command environment: Not usable outside of PowerShell
[1.075s] DEBUG:colcon.colcon_core.shell:Skip shell extension 'dsv' for command environment
[1.102s] DEBUG:colcon.colcon_core.event_handler.log_command:Invoking command in '/home/averot/mobile_robot/build/mobile_robot_description': CMAKE_PREFIX_PATH=${CMAKE_PREFIX_PATH}:/opt/ros/jazzy /usr/bin/cmake --build /home/averot/mobile_robot/build/mobile_robot_description -- -j8 -l8
[1.318s] DEBUG:colcon.colcon_core.event_handler.log_command:Invoked command in '/home/averot/mobile_robot/build/mobile_robot_description' returned '0': CMAKE_PREFIX_PATH=${CMAKE_PREFIX_PATH}:/opt/ros/jazzy /usr/bin/cmake --build /home/averot/mobile_robot/build/mobile_robot_description -- -j8 -l8
[1.343s] DEBUG:colcon.colcon_core.event_handler.log_command:Invoking command in '/home/averot/mobile_robot/build/mobile_robot_description': CMAKE_PREFIX_PATH=${CMAKE_PREFIX_PATH}:/opt/ros/jazzy /usr/bin/cmake --install /home/averot/mobile_robot/build/mobile_robot_description
[1.398s] Level 1:colcon.colcon_core.environment:create_environment_scripts_only(mobile_robot_description)
[1.399s] DEBUG:colcon.colcon_core.event_handler.log_command:Invoked command in '/home/averot/mobile_robot/build/mobile_robot_description' returned '0': CMAKE_PREFIX_PATH=${CMAKE_PREFIX_PATH}:/opt/ros/jazzy /usr/bin/cmake --install /home/averot/mobile_robot/build/mobile_robot_description
[1.403s] Level 1:colcon.colcon_core.environment:checking '/home/averot/mobile_robot/install/mobile_robot_description' for CMake module files
[1.404s] Level 1:colcon.colcon_core.environment:checking '/home/averot/mobile_robot/install/mobile_robot_description' for CMake config files
[1.405s] Level 1:colcon.colcon_core.shell:create_environment_hook('mobile_robot_description', 'cmake_prefix_path')
[1.405s] INFO:colcon.colcon_core.shell:Creating environment hook '/home/averot/mobile_robot/install/mobile_robot_description/share/mobile_robot_description/hook/cmake_prefix_path.ps1'
[1.406s] INFO:colcon.colcon_core.shell:Creating environment descriptor '/home/averot/mobile_robot/install/mobile_robot_description/share/mobile_robot_description/hook/cmake_prefix_path.dsv'
[1.406s] INFO:colcon.colcon_core.shell:Creating environment hook '/home/averot/mobile_robot/install/mobile_robot_description/share/mobile_robot_description/hook/cmake_prefix_path.sh'
[1.407s] Level 1:colcon.colcon_core.environment:checking '/home/averot/mobile_robot/install/mobile_robot_description/bin'
[1.408s] Level 1:colcon.colcon_core.environment:checking '/home/averot/mobile_robot/install/mobile_robot_description/lib/pkgconfig/mobile_robot_description.pc'
[1.408s] Level 1:colcon.colcon_core.environment:checking '/home/averot/mobile_robot/install/mobile_robot_description/lib/python3.12/site-packages'
[1.408s] Level 1:colcon.colcon_core.environment:checking '/home/averot/mobile_robot/install/mobile_robot_description/bin'
[1.408s] INFO:colcon.colcon_core.shell:Creating package script '/home/averot/mobile_robot/install/mobile_robot_description/share/mobile_robot_description/package.ps1'
[1.410s] INFO:colcon.colcon_core.shell:Creating package descriptor '/home/averot/mobile_robot/install/mobile_robot_description/share/mobile_robot_description/package.dsv'
[1.413s] INFO:colcon.colcon_core.shell:Creating package script '/home/averot/mobile_robot/install/mobile_robot_description/share/mobile_robot_description/package.sh'
[1.416s] INFO:colcon.colcon_core.shell:Creating package script '/home/averot/mobile_robot/install/mobile_robot_description/share/mobile_robot_description/package.bash'
[1.417s] INFO:colcon.colcon_core.shell:Creating package script '/home/averot/mobile_robot/install/mobile_robot_description/share/mobile_robot_description/package.zsh'
[1.419s] Level 1:colcon.colcon_core.environment:create_file_with_runtime_dependencies(/home/averot/mobile_robot/install/mobile_robot_description/share/colcon-core/packages/mobile_robot_description)
[1.420s] Level 1:colcon.colcon_core.environment:create_environment_scripts_only(mobile_robot_description)
[1.420s] Level 1:colcon.colcon_core.environment:checking '/home/averot/mobile_robot/install/mobile_robot_description' for CMake module files
[1.422s] Level 1:colcon.colcon_core.environment:checking '/home/averot/mobile_robot/install/mobile_robot_description' for CMake config files
[1.422s] Level 1:colcon.colcon_core.shell:create_environment_hook('mobile_robot_description', 'cmake_prefix_path')
[1.423s] INFO:colcon.colcon_core.shell:Creating environment hook '/home/averot/mobile_robot/install/mobile_robot_description/share/mobile_robot_description/hook/cmake_prefix_path.ps1'
[1.423s] INFO:colcon.colcon_core.shell:Creating environment descriptor '/home/averot/mobile_robot/install/mobile_robot_description/share/mobile_robot_description/hook/cmake_prefix_path.dsv'
[1.424s] INFO:colcon.colcon_core.shell:Creating environment hook '/home/averot/mobile_robot/install/mobile_robot_description/share/mobile_robot_description/hook/cmake_prefix_path.sh'
[1.425s] Level 1:colcon.colcon_core.environment:checking '/home/averot/mobile_robot/install/mobile_robot_description/bin'
[1.425s] Level 1:colcon.colcon_core.environment:checking '/home/averot/mobile_robot/install/mobile_robot_description/lib/pkgconfig/mobile_robot_description.pc'
[1.426s] Level 1:colcon.colcon_core.environment:checking '/home/averot/mobile_robot/install/mobile_robot_description/lib/python3.12/site-packages'
[1.426s] Level 1:colcon.colcon_core.environment:checking '/home/averot/mobile_robot/install/mobile_robot_description/bin'
[1.427s] INFO:colcon.colcon_core.shell:Creating package script '/home/averot/mobile_robot/install/mobile_robot_description/share/mobile_robot_description/package.ps1'
[1.428s] INFO:colcon.colcon_core.shell:Creating package descriptor '/home/averot/mobile_robot/install/mobile_robot_description/share/mobile_robot_description/package.dsv'
[1.431s] INFO:colcon.colcon_core.shell:Creating package script '/home/averot/mobile_robot/install/mobile_robot_description/share/mobile_robot_description/package.sh'
[1.433s] INFO:colcon.colcon_core.shell:Creating package script '/home/averot/mobile_robot/install/mobile_robot_description/share/mobile_robot_description/package.bash'
[1.434s] INFO:colcon.colcon_core.shell:Creating package script '/home/averot/mobile_robot/install/mobile_robot_description/share/mobile_robot_description/package.zsh'
[1.435s] Level 1:colcon.colcon_core.environment:create_file_with_runtime_dependencies(/home/averot/mobile_robot/install/mobile_robot_description/share/colcon-core/packages/mobile_robot_description)
[1.436s] INFO:colcon.colcon_ros.task.ament_cmake.build:Building ROS package in '/home/averot/mobile_robot/ros2_ws/src/mobile_robot_gazebo' with build type 'ament_cmake'
[1.436s] INFO:colcon.colcon_cmake.task.cmake.build:Building CMake package in '/home/averot/mobile_robot/ros2_ws/src/mobile_robot_gazebo'
[1.437s] INFO:colcon.colcon_core.shell:Skip shell extension 'powershell' for command environment: Not usable outside of PowerShell
[1.437s] DEBUG:colcon.colcon_core.shell:Skip shell extension 'dsv' for command environment
[1.576s] DEBUG:colcon.colcon_core.event_handler.log_command:Invoking command in '/home/averot/mobile_robot/build/mobile_robot_gazebo': CMAKE_PREFIX_PATH=/home/averot/mobile_robot/install/mobile_robot_description:/home/averot/mobile_robot/ros2_ws/install/mobile_robot_gazebo:/home/averot/mobile_robot/ros2_ws/install/mobile_robot_description:/home/averot/mobile_robot/install/mobile_robot_gazebo:/opt/ros/jazzy/opt/gz_sim_vendor:/opt/ros/jazzy/opt/gz_sensors_vendor:/opt/ros/jazzy/opt/gz_physics_vendor:/opt/ros/jazzy/opt/sdformat_vendor:/opt/ros/jazzy/opt/gz_gui_vendor:/opt/ros/jazzy/opt/gz_transport_vendor:/opt/ros/jazzy/opt/gz_rendering_vendor:/opt/ros/jazzy/opt/gz_plugin_vendor:/opt/ros/jazzy/opt/gz_fuel_tools_vendor:/opt/ros/jazzy/opt/gz_msgs_vendor:/opt/ros/jazzy/opt/gz_common_vendor:/opt/ros/jazzy/opt/gz_math_vendor:/opt/ros/jazzy/opt/gz_utils_vendor:/opt/ros/jazzy/opt/gz_tools_vendor:/opt/ros/jazzy/opt/gz_ogre_next_vendor:/opt/ros/jazzy/opt/gz_dartsim_vendor:/opt/ros/jazzy/opt/gz_cmake_vendor:/opt/ros/jazzy /usr/bin/cmake --build /home/averot/mobile_robot/build/mobile_robot_gazebo -- -j8 -l8
[1.657s] DEBUG:colcon.colcon_core.event_handler.log_command:Invoked command in '/home/averot/mobile_robot/build/mobile_robot_gazebo' returned '0': CMAKE_PREFIX_PATH=/home/averot/mobile_robot/install/mobile_robot_description:/home/averot/mobile_robot/ros2_ws/install/mobile_robot_gazebo:/home/averot/mobile_robot/ros2_ws/install/mobile_robot_description:/home/averot/mobile_robot/install/mobile_robot_gazebo:/opt/ros/jazzy/opt/gz_sim_vendor:/opt/ros/jazzy/opt/gz_sensors_vendor:/opt/ros/jazzy/opt/gz_physics_vendor:/opt/ros/jazzy/opt/sdformat_vendor:/opt/ros/jazzy/opt/gz_gui_vendor:/opt/ros/jazzy/opt/gz_transport_vendor:/opt/ros/jazzy/opt/gz_rendering_vendor:/opt/ros/jazzy/opt/gz_plugin_vendor:/opt/ros/jazzy/opt/gz_fuel_tools_vendor:/opt/ros/jazzy/opt/gz_msgs_vendor:/opt/ros/jazzy/opt/gz_common_vendor:/opt/ros/jazzy/opt/gz_math_vendor:/opt/ros/jazzy/opt/gz_utils_vendor:/opt/ros/jazzy/opt/gz_tools_vendor:/opt/ros/jazzy/opt/gz_ogre_next_vendor:/opt/ros/jazzy/opt/gz_dartsim_vendor:/opt/ros/jazzy/opt/gz_cmake_vendor:/opt/ros/jazzy /usr/bin/cmake --build /home/averot/mobile_robot/build/mobile_robot_gazebo -- -j8 -l8
[1.659s] DEBUG:colcon.colcon_core.event_handler.log_command:Invoking command in '/home/averot/mobile_robot/build/mobile_robot_gazebo': CMAKE_PREFIX_PATH=/home/averot/mobile_robot/install/mobile_robot_description:/home/averot/mobile_robot/ros2_ws/install/mobile_robot_gazebo:/home/averot/mobile_robot/ros2_ws/install/mobile_robot_description:/home/averot/mobile_robot/install/mobile_robot_gazebo:/opt/ros/jazzy/opt/gz_sim_vendor:/opt/ros/jazzy/opt/gz_sensors_vendor:/opt/ros/jazzy/opt/gz_physics_vendor:/opt/ros/jazzy/opt/sdformat_vendor:/opt/ros/jazzy/opt/gz_gui_vendor:/opt/ros/jazzy/opt/gz_transport_vendor:/opt/ros/jazzy/opt/gz_rendering_vendor:/opt/ros/jazzy/opt/gz_plugin_vendor:/opt/ros/jazzy/opt/gz_fuel_tools_vendor:/opt/ros/jazzy/opt/gz_msgs_vendor:/opt/ros/jazzy/opt/gz_common_vendor:/opt/ros/jazzy/opt/gz_math_vendor:/opt/ros/jazzy/opt/gz_utils_vendor:/opt/ros/jazzy/opt/gz_tools_vendor:/opt/ros/jazzy/opt/gz_ogre_next_vendor:/opt/ros/jazzy/opt/gz_dartsim_vendor:/opt/ros/jazzy/opt/gz_cmake_vendor:/opt/ros/jazzy /usr/bin/cmake --install /home/averot/mobile_robot/build/mobile_robot_gazebo
[1.720s] Level 1:colcon.colcon_core.environment:create_environment_scripts_only(mobile_robot_gazebo)
[1.721s] Level 1:colcon.colcon_core.environment:checking '/home/averot/mobile_robot/install/mobile_robot_gazebo' for CMake module files
[1.722s] DEBUG:colcon.colcon_core.event_handler.log_command:Invoked command in '/home/averot/mobile_robot/build/mobile_robot_gazebo' returned '0': CMAKE_PREFIX_PATH=/home/averot/mobile_robot/install/mobile_robot_description:/home/averot/mobile_robot/ros2_ws/install/mobile_robot_gazebo:/home/averot/mobile_robot/ros2_ws/install/mobile_robot_description:/home/averot/mobile_robot/install/mobile_robot_gazebo:/opt/ros/jazzy/opt/gz_sim_vendor:/opt/ros/jazzy/opt/gz_sensors_vendor:/opt/ros/jazzy/opt/gz_physics_vendor:/opt/ros/jazzy/opt/sdformat_vendor:/opt/ros/jazzy/opt/gz_gui_vendor:/opt/ros/jazzy/opt/gz_transport_vendor:/opt/ros/jazzy/opt/gz_rendering_vendor:/opt/ros/jazzy/opt/gz_plugin_vendor:/opt/ros/jazzy/opt/gz_fuel_tools_vendor:/opt/ros/jazzy/opt/gz_msgs_vendor:/opt/ros/jazzy/opt/gz_common_vendor:/opt/ros/jazzy/opt/gz_math_vendor:/opt/ros/jazzy/opt/gz_utils_vendor:/opt/ros/jazzy/opt/gz_tools_vendor:/opt/ros/jazzy/opt/gz_ogre_next_vendor:/opt/ros/jazzy/opt/gz_dartsim_vendor:/opt/ros/jazzy/opt/gz_cmake_vendor:/opt/ros/jazzy /usr/bin/cmake --install /home/averot/mobile_robot/build/mobile_robot_gazebo
[1.722s] Level 1:colcon.colcon_core.environment:checking '/home/averot/mobile_robot/install/mobile_robot_gazebo' for CMake config files
[1.723s] Level 1:colcon.colcon_core.shell:create_environment_hook('mobile_robot_gazebo', 'cmake_prefix_path')
[1.723s] INFO:colcon.colcon_core.shell:Creating environment hook '/home/averot/mobile_robot/install/mobile_robot_gazebo/share/mobile_robot_gazebo/hook/cmake_prefix_path.ps1'
[1.725s] INFO:colcon.colcon_core.shell:Creating environment descriptor '/home/averot/mobile_robot/install/mobile_robot_gazebo/share/mobile_robot_gazebo/hook/cmake_prefix_path.dsv'
[1.726s] INFO:colcon.colcon_core.shell:Creating environment hook '/home/averot/mobile_robot/install/mobile_robot_gazebo/share/mobile_robot_gazebo/hook/cmake_prefix_path.sh'
[1.727s] Level 1:colcon.colcon_core.environment:checking '/home/averot/mobile_robot/install/mobile_robot_gazebo/bin'
[1.727s] Level 1:colcon.colcon_core.environment:checking '/home/averot/mobile_robot/install/mobile_robot_gazebo/lib/pkgconfig/mobile_robot_gazebo.pc'
[1.728s] Level 1:colcon.colcon_core.environment:checking '/home/averot/mobile_robot/install/mobile_robot_gazebo/lib/python3.12/site-packages'
[1.728s] Level 1:colcon.colcon_core.environment:checking '/home/averot/mobile_robot/install/mobile_robot_gazebo/bin'
[1.729s] INFO:colcon.colcon_core.shell:Creating package script '/home/averot/mobile_robot/install/mobile_robot_gazebo/share/mobile_robot_gazebo/package.ps1'
[1.730s] INFO:colcon.colcon_core.shell:Creating package descriptor '/home/averot/mobile_robot/install/mobile_robot_gazebo/share/mobile_robot_gazebo/package.dsv'
[1.731s] INFO:colcon.colcon_core.shell:Creating package script '/home/averot/mobile_robot/install/mobile_robot_gazebo/share/mobile_robot_gazebo/package.sh'
[1.732s] INFO:colcon.colcon_core.shell:Creating package script '/home/averot/mobile_robot/install/mobile_robot_gazebo/share/mobile_robot_gazebo/package.bash'
[1.732s] INFO:colcon.colcon_core.shell:Creating package script '/home/averot/mobile_robot/install/mobile_robot_gazebo/share/mobile_robot_gazebo/package.zsh'
[1.733s] Level 1:colcon.colcon_core.environment:create_file_with_runtime_dependencies(/home/averot/mobile_robot/install/mobile_robot_gazebo/share/colcon-core/packages/mobile_robot_gazebo)
[1.734s] Level 1:colcon.colcon_core.environment:create_environment_scripts_only(mobile_robot_gazebo)
[1.734s] Level 1:colcon.colcon_core.environment:checking '/home/averot/mobile_robot/install/mobile_robot_gazebo' for CMake module files
[1.735s] Level 1:colcon.colcon_core.environment:checking '/home/averot/mobile_robot/install/mobile_robot_gazebo' for CMake config files
[1.735s] Level 1:colcon.colcon_core.shell:create_environment_hook('mobile_robot_gazebo', 'cmake_prefix_path')
[1.736s] INFO:colcon.colcon_core.shell:Creating environment hook '/home/averot/mobile_robot/install/mobile_robot_gazebo/share/mobile_robot_gazebo/hook/cmake_prefix_path.ps1'
[1.736s] INFO:colcon.colcon_core.shell:Creating environment descriptor '/home/averot/mobile_robot/install/mobile_robot_gazebo/share/mobile_robot_gazebo/hook/cmake_prefix_path.dsv'
[1.737s] INFO:colcon.colcon_core.shell:Creating environment hook '/home/averot/mobile_robot/install/mobile_robot_gazebo/share/mobile_robot_gazebo/hook/cmake_prefix_path.sh'
[1.737s] Level 1:colcon.colcon_core.environment:checking '/home/averot/mobile_robot/install/mobile_robot_gazebo/bin'
[1.737s] Level 1:colcon.colcon_core.environment:checking '/home/averot/mobile_robot/install/mobile_robot_gazebo/lib/pkgconfig/mobile_robot_gazebo.pc'
[1.738s] Level 1:colcon.colcon_core.environment:checking '/home/averot/mobile_robot/install/mobile_robot_gazebo/lib/python3.12/site-packages'
[1.738s] Level 1:colcon.colcon_core.environment:checking '/home/averot/mobile_robot/install/mobile_robot_gazebo/bin'
[1.738s] INFO:colcon.colcon_core.shell:Creating package script '/home/averot/mobile_robot/install/mobile_robot_gazebo/share/mobile_robot_gazebo/package.ps1'
[1.739s] INFO:colcon.colcon_core.shell:Creating package descriptor '/home/averot/mobile_robot/install/mobile_robot_gazebo/share/mobile_robot_gazebo/package.dsv'
[1.740s] INFO:colcon.colcon_core.shell:Creating package script '/home/averot/mobile_robot/install/mobile_robot_gazebo/share/mobile_robot_gazebo/package.sh'
[1.741s] INFO:colcon.colcon_core.shell:Creating package script '/home/averot/mobile_robot/install/mobile_robot_gazebo/share/mobile_robot_gazebo/package.bash'
[1.741s] INFO:colcon.colcon_core.shell:Creating package script '/home/averot/mobile_robot/install/mobile_robot_gazebo/share/mobile_robot_gazebo/package.zsh'
[1.742s] Level 1:colcon.colcon_core.environment:create_file_with_runtime_dependencies(/home/averot/mobile_robot/install/mobile_robot_gazebo/share/colcon-core/packages/mobile_robot_gazebo)
[1.743s] DEBUG:colcon.colcon_parallel_executor.executor.parallel:closing loop
[1.744s] DEBUG:colcon.colcon_parallel_executor.executor.parallel:loop closed
[1.745s] DEBUG:colcon.colcon_parallel_executor.executor.parallel:run_until_complete finished with '0'
[1.745s] DEBUG:colcon.colcon_core.event_reactor:joining thread
[1.921s] INFO:colcon.colcon_core.plugin_system:Skipping extension 'colcon_notification.desktop_notification.notify_send': Could not find 'notify-send'
[1.922s] INFO:colcon.colcon_core.plugin_system:Skipping extension 'colcon_notification.desktop_notification.terminal_notifier': Not used on non-Darwin systems
[1.922s] INFO:colcon.colcon_core.plugin_system:Skipping extension 'colcon_notification.desktop_notification.win32': Not used on non-Windows systems
[1.922s] INFO:colcon.colcon_notification.desktop_notification:Sending desktop notification using 'notify2'
[1.936s] DEBUG:colcon.colcon_notification.desktop_notification.notify2:Failed to initialize notify2: org.freedesktop.DBus.Error.ServiceUnknown: The name org.freedesktop.Notifications was not provided by any .service files
[1.937s] DEBUG:colcon.colcon_core.event_reactor:joined thread
[1.937s] INFO:colcon.colcon_core.shell:Creating prefix script '/home/averot/mobile_robot/install/local_setup.ps1'
[1.938s] INFO:colcon.colcon_core.shell:Creating prefix util module '/home/averot/mobile_robot/install/_local_setup_util_ps1.py'
[1.940s] INFO:colcon.colcon_core.shell:Creating prefix chain script '/home/averot/mobile_robot/install/setup.ps1'
[1.944s] INFO:colcon.colcon_core.shell:Creating prefix script '/home/averot/mobile_robot/install/local_setup.sh'
[1.946s] INFO:colcon.colcon_core.shell:Creating prefix util module '/home/averot/mobile_robot/install/_local_setup_util_sh.py'
[1.947s] INFO:colcon.colcon_core.shell:Creating prefix chain script '/home/averot/mobile_robot/install/setup.sh'
[1.950s] INFO:colcon.colcon_core.shell:Creating prefix script '/home/averot/mobile_robot/install/local_setup.bash'
[1.950s] INFO:colcon.colcon_core.shell:Creating prefix chain script '/home/averot/mobile_robot/install/setup.bash'
[1.952s] INFO:colcon.colcon_core.shell:Creating prefix script '/home/averot/mobile_robot/install/local_setup.zsh'
[1.953s] INFO:colcon.colcon_core.shell:Creating prefix chain script '/home/averot/mobile_robot/install/setup.zsh'
