[0.028s] Invoking command in '/home/averot/mobile_robot/build/mobile_robot_description': CMAKE_PREFIX_PATH=${CMAKE_PREFIX_PATH}:/opt/ros/jazzy /usr/bin/cmake --build /home/averot/mobile_robot/build/mobile_robot_description -- -j8 -l8
[0.325s] Invoked command in '/home/averot/mobile_robot/build/mobile_robot_description' returned '0': CMAKE_PREFIX_PATH=${CMAKE_PREFIX_PATH}:/opt/ros/jazzy /usr/bin/cmake --build /home/averot/mobile_robot/build/mobile_robot_description -- -j8 -l8
[0.355s] Invoking command in '/home/averot/mobile_robot/build/mobile_robot_description': CMAKE_PREFIX_PATH=${CMAKE_PREFIX_PATH}:/opt/ros/jazzy /usr/bin/cmake --install /home/averot/mobile_robot/build/mobile_robot_description
[0.376s] -- Install configuration: ""
[0.378s] -- Execute custom install script
[0.382s] -- Up-to-date symlink: /home/averot/mobile_robot/install/mobile_robot_description/share/mobile_robot_description/urdf/mobile_robot.urdf.xacro
[0.382s] -- Up-to-date symlink: /home/averot/mobile_robot/install/mobile_robot_description/share/mobile_robot_description/launch/display.launch.py
[0.383s] -- Up-to-date symlink: /home/averot/mobile_robot/install/mobile_robot_description/share/ament_index/resource_index/package_run_dependencies/mobile_robot_description
[0.383s] -- Up-to-date symlink: /home/averot/mobile_robot/install/mobile_robot_description/share/ament_index/resource_index/parent_prefix_path/mobile_robot_description
[0.383s] -- Up-to-date symlink: /home/averot/mobile_robot/install/mobile_robot_description/share/mobile_robot_description/environment/ament_prefix_path.sh
[0.384s] -- Up-to-date symlink: /home/averot/mobile_robot/install/mobile_robot_description/share/mobile_robot_description/environment/ament_prefix_path.dsv
[0.384s] -- Up-to-date symlink: /home/averot/mobile_robot/install/mobile_robot_description/share/mobile_robot_description/environment/path.sh
[0.385s] -- Up-to-date symlink: /home/averot/mobile_robot/install/mobile_robot_description/share/mobile_robot_description/environment/path.dsv
[0.385s] -- Up-to-date symlink: /home/averot/mobile_robot/install/mobile_robot_description/share/mobile_robot_description/local_setup.bash
[0.386s] -- Up-to-date symlink: /home/averot/mobile_robot/install/mobile_robot_description/share/mobile_robot_description/local_setup.sh
[0.386s] -- Up-to-date symlink: /home/averot/mobile_robot/install/mobile_robot_description/share/mobile_robot_description/local_setup.zsh
[0.387s] -- Up-to-date symlink: /home/averot/mobile_robot/install/mobile_robot_description/share/mobile_robot_description/local_setup.dsv
[0.387s] -- Symlinking: /home/averot/mobile_robot/install/mobile_robot_description/share/mobile_robot_description/package.dsv
[0.437s] -- Up-to-date symlink: /home/averot/mobile_robot/install/mobile_robot_description/share/ament_index/resource_index/packages/mobile_robot_description
[0.438s] -- Up-to-date symlink: /home/averot/mobile_robot/install/mobile_robot_description/share/mobile_robot_description/cmake/mobile_robot_descriptionConfig.cmake
[0.438s] -- Up-to-date symlink: /home/averot/mobile_robot/install/mobile_robot_description/share/mobile_robot_description/cmake/mobile_robot_descriptionConfig-version.cmake
[0.439s] -- Up-to-date symlink: /home/averot/mobile_robot/install/mobile_robot_description/share/mobile_robot_description/package.xml
[0.443s] Invoked command in '/home/averot/mobile_robot/build/mobile_robot_description' returned '0': CMAKE_PREFIX_PATH=${CMAKE_PREFIX_PATH}:/opt/ros/jazzy /usr/bin/cmake --install /home/averot/mobile_robot/build/mobile_robot_description
