[0.031s] Invoking command in '/home/averot/mobile_robot/build/mobile_robot_description': CMAKE_PREFIX_PATH=${CMAKE_PREFIX_PATH}:/opt/ros/jazzy /usr/bin/cmake --build /home/averot/mobile_robot/build/mobile_robot_description -- -j8 -l8
[0.247s] Invoked command in '/home/averot/mobile_robot/build/mobile_robot_description' returned '0': CMAKE_PREFIX_PATH=${CMAKE_PREFIX_PATH}:/opt/ros/jazzy /usr/bin/cmake --build /home/averot/mobile_robot/build/mobile_robot_description -- -j8 -l8
[0.272s] Invoking command in '/home/averot/mobile_robot/build/mobile_robot_description': CMAKE_PREFIX_PATH=${CMAKE_PREFIX_PATH}:/opt/ros/jazzy /usr/bin/cmake --install /home/averot/mobile_robot/build/mobile_robot_description
[0.288s] -- Install configuration: ""
[0.291s] -- Execute custom install script
[0.294s] -- Up-to-date symlink: /home/averot/mobile_robot/install/mobile_robot_description/share/mobile_robot_description/urdf/mobile_robot.urdf.xacro
[0.295s] -- Up-to-date symlink: /home/averot/mobile_robot/install/mobile_robot_description/share/mobile_robot_description/launch/display.launch.py
[0.295s] -- Up-to-date symlink: /home/averot/mobile_robot/install/mobile_robot_description/share/ament_index/resource_index/package_run_dependencies/mobile_robot_description
[0.296s] -- Up-to-date symlink: /home/averot/mobile_robot/install/mobile_robot_description/share/ament_index/resource_index/parent_prefix_path/mobile_robot_description
[0.297s] -- Up-to-date symlink: /home/averot/mobile_robot/install/mobile_robot_description/share/mobile_robot_description/environment/ament_prefix_path.sh
[0.297s] -- Up-to-date symlink: /home/averot/mobile_robot/install/mobile_robot_description/share/mobile_robot_description/environment/ament_prefix_path.dsv
[0.298s] -- Up-to-date symlink: /home/averot/mobile_robot/install/mobile_robot_description/share/mobile_robot_description/environment/path.sh
[0.298s] -- Up-to-date symlink: /home/averot/mobile_robot/install/mobile_robot_description/share/mobile_robot_description/environment/path.dsv
[0.299s] -- Up-to-date symlink: /home/averot/mobile_robot/install/mobile_robot_description/share/mobile_robot_description/local_setup.bash
[0.299s] -- Up-to-date symlink: /home/averot/mobile_robot/install/mobile_robot_description/share/mobile_robot_description/local_setup.sh
[0.300s] -- Up-to-date symlink: /home/averot/mobile_robot/install/mobile_robot_description/share/mobile_robot_description/local_setup.zsh
[0.300s] -- Up-to-date symlink: /home/averot/mobile_robot/install/mobile_robot_description/share/mobile_robot_description/local_setup.dsv
[0.301s] -- Symlinking: /home/averot/mobile_robot/install/mobile_robot_description/share/mobile_robot_description/package.dsv
[0.323s] -- Up-to-date symlink: /home/averot/mobile_robot/install/mobile_robot_description/share/ament_index/resource_index/packages/mobile_robot_description
[0.323s] -- Up-to-date symlink: /home/averot/mobile_robot/install/mobile_robot_description/share/mobile_robot_description/cmake/mobile_robot_descriptionConfig.cmake
[0.323s] -- Up-to-date symlink: /home/averot/mobile_robot/install/mobile_robot_description/share/mobile_robot_description/cmake/mobile_robot_descriptionConfig-version.cmake
[0.324s] -- Up-to-date symlink: /home/averot/mobile_robot/install/mobile_robot_description/share/mobile_robot_description/package.xml
[0.328s] Invoked command in '/home/averot/mobile_robot/build/mobile_robot_description' returned '0': CMAKE_PREFIX_PATH=${CMAKE_PREFIX_PATH}:/opt/ros/jazzy /usr/bin/cmake --install /home/averot/mobile_robot/build/mobile_robot_description
