[0.090s] Invoking command in '/home/averot/mobile_robot/build/mobile_robot_gazebo': CMAKE_PREFIX_PATH=/home/averot/mobile_robot/install/mobile_robot_description:/home/averot/mobile_robot/ros2_ws/install/mobile_robot_gazebo:/home/averot/mobile_robot/ros2_ws/install/mobile_robot_description:/home/averot/mobile_robot/install/mobile_robot_gazebo:/opt/ros/jazzy/opt/gz_sim_vendor:/opt/ros/jazzy/opt/gz_sensors_vendor:/opt/ros/jazzy/opt/gz_physics_vendor:/opt/ros/jazzy/opt/sdformat_vendor:/opt/ros/jazzy/opt/gz_gui_vendor:/opt/ros/jazzy/opt/gz_transport_vendor:/opt/ros/jazzy/opt/gz_rendering_vendor:/opt/ros/jazzy/opt/gz_plugin_vendor:/opt/ros/jazzy/opt/gz_fuel_tools_vendor:/opt/ros/jazzy/opt/gz_msgs_vendor:/opt/ros/jazzy/opt/gz_common_vendor:/opt/ros/jazzy/opt/gz_math_vendor:/opt/ros/jazzy/opt/gz_utils_vendor:/opt/ros/jazzy/opt/gz_tools_vendor:/opt/ros/jazzy/opt/gz_ogre_next_vendor:/opt/ros/jazzy/opt/gz_dartsim_vendor:/opt/ros/jazzy/opt/gz_cmake_vendor:/opt/ros/jazzy /usr/bin/cmake --build /home/averot/mobile_robot/build/mobile_robot_gazebo -- -j8 -l8
[0.139s] -- Found ament_cmake: 2.5.6 (/opt/ros/jazzy/share/ament_cmake/cmake)
[0.400s] -- Override CMake install command with custom implementation using symlinks instead of copying resources
[0.429s] -- Found ament_lint_auto: 0.17.5 (/opt/ros/jazzy/share/ament_lint_auto/cmake)
[0.560s] -- Added test 'flake8' to check Python code syntax and style conventions
[0.560s] -- Configured 'flake8' exclude dirs and/or files: 
[0.562s] -- Added test 'lint_cmake' to check CMake code style
[0.563s] -- Added test 'pep257' to check Python code against some of the docstring style conventions in PEP 257
[0.566s] -- Added test 'xmllint' to check XML markup files
[0.568s] -- Configuring done (0.5s)
[0.587s] -- Generating done (0.0s)
[0.590s] -- Build files have been written to: /home/averot/mobile_robot/build/mobile_robot_gazebo
[0.619s] Invoked command in '/home/averot/mobile_robot/build/mobile_robot_gazebo' returned '0': CMAKE_PREFIX_PATH=/home/averot/mobile_robot/install/mobile_robot_description:/home/averot/mobile_robot/ros2_ws/install/mobile_robot_gazebo:/home/averot/mobile_robot/ros2_ws/install/mobile_robot_description:/home/averot/mobile_robot/install/mobile_robot_gazebo:/opt/ros/jazzy/opt/gz_sim_vendor:/opt/ros/jazzy/opt/gz_sensors_vendor:/opt/ros/jazzy/opt/gz_physics_vendor:/opt/ros/jazzy/opt/sdformat_vendor:/opt/ros/jazzy/opt/gz_gui_vendor:/opt/ros/jazzy/opt/gz_transport_vendor:/opt/ros/jazzy/opt/gz_rendering_vendor:/opt/ros/jazzy/opt/gz_plugin_vendor:/opt/ros/jazzy/opt/gz_fuel_tools_vendor:/opt/ros/jazzy/opt/gz_msgs_vendor:/opt/ros/jazzy/opt/gz_common_vendor:/opt/ros/jazzy/opt/gz_math_vendor:/opt/ros/jazzy/opt/gz_utils_vendor:/opt/ros/jazzy/opt/gz_tools_vendor:/opt/ros/jazzy/opt/gz_ogre_next_vendor:/opt/ros/jazzy/opt/gz_dartsim_vendor:/opt/ros/jazzy/opt/gz_cmake_vendor:/opt/ros/jazzy /usr/bin/cmake --build /home/averot/mobile_robot/build/mobile_robot_gazebo -- -j8 -l8
[0.621s] Invoking command in '/home/averot/mobile_robot/build/mobile_robot_gazebo': CMAKE_PREFIX_PATH=/home/averot/mobile_robot/install/mobile_robot_description:/home/averot/mobile_robot/ros2_ws/install/mobile_robot_gazebo:/home/averot/mobile_robot/ros2_ws/install/mobile_robot_description:/home/averot/mobile_robot/install/mobile_robot_gazebo:/opt/ros/jazzy/opt/gz_sim_vendor:/opt/ros/jazzy/opt/gz_sensors_vendor:/opt/ros/jazzy/opt/gz_physics_vendor:/opt/ros/jazzy/opt/sdformat_vendor:/opt/ros/jazzy/opt/gz_gui_vendor:/opt/ros/jazzy/opt/gz_transport_vendor:/opt/ros/jazzy/opt/gz_rendering_vendor:/opt/ros/jazzy/opt/gz_plugin_vendor:/opt/ros/jazzy/opt/gz_fuel_tools_vendor:/opt/ros/jazzy/opt/gz_msgs_vendor:/opt/ros/jazzy/opt/gz_common_vendor:/opt/ros/jazzy/opt/gz_math_vendor:/opt/ros/jazzy/opt/gz_utils_vendor:/opt/ros/jazzy/opt/gz_tools_vendor:/opt/ros/jazzy/opt/gz_ogre_next_vendor:/opt/ros/jazzy/opt/gz_dartsim_vendor:/opt/ros/jazzy/opt/gz_cmake_vendor:/opt/ros/jazzy /usr/bin/cmake --install /home/averot/mobile_robot/build/mobile_robot_gazebo
[0.631s] -- Install configuration: ""
[0.632s] -- Execute custom install script
[0.633s] -- Up-to-date symlink: /home/averot/mobile_robot/install/mobile_robot_gazebo/share/mobile_robot_gazebo/launch/__pycache__/simulation.launch.cpython-312.pyc
[0.633s] -- Up-to-date symlink: /home/averot/mobile_robot/install/mobile_robot_gazebo/share/mobile_robot_gazebo/launch/simulation.launch.py
[0.634s] -- Up-to-date symlink: /home/averot/mobile_robot/install/mobile_robot_gazebo/share/mobile_robot_gazebo/worlds/empty.world
[0.635s] -- Up-to-date symlink: /home/averot/mobile_robot/install/mobile_robot_gazebo/share/mobile_robot_gazebo/config/bridge.yaml
[0.636s] -- Up-to-date symlink: /home/averot/mobile_robot/install/mobile_robot_gazebo/share/mobile_robot_gazebo/config/ekf.yaml
[0.636s] -- Up-to-date symlink: /home/averot/mobile_robot/install/mobile_robot_gazebo/share/mobile_robot_gazebo/config/nav.yaml
[0.636s] -- Up-to-date symlink: /home/averot/mobile_robot/install/mobile_robot_gazebo/share/mobile_robot_gazebo/config/slam.yaml
[0.637s] -- Up-to-date symlink: /home/averot/mobile_robot/install/mobile_robot_gazebo/share/mobile_robot_gazebo/maps/empty_world_test.pgm
[0.637s] -- Up-to-date symlink: /home/averot/mobile_robot/install/mobile_robot_gazebo/share/mobile_robot_gazebo/maps/empty_world_test.yaml
[0.638s] -- Up-to-date symlink: /home/averot/mobile_robot/install/mobile_robot_gazebo/share/mobile_robot_gazebo/maps/empty_world_test2.pgm
[0.639s] -- Up-to-date symlink: /home/averot/mobile_robot/install/mobile_robot_gazebo/share/mobile_robot_gazebo/maps/empty_world_test2.yaml
[0.639s] -- Up-to-date symlink: /home/averot/mobile_robot/install/mobile_robot_gazebo/share/mobile_robot_gazebo/maps/empty_world_test3.pgm
[0.640s] -- Up-to-date symlink: /home/averot/mobile_robot/install/mobile_robot_gazebo/share/mobile_robot_gazebo/maps/empty_world_test3.yaml
[0.641s] -- Up-to-date symlink: /home/averot/mobile_robot/install/mobile_robot_gazebo/share/mobile_robot_gazebo/maps/obstacles_world1.pgm
[0.641s] -- Up-to-date symlink: /home/averot/mobile_robot/install/mobile_robot_gazebo/share/mobile_robot_gazebo/maps/obstacles_world1.yaml
[0.642s] -- Symlinking: /home/averot/mobile_robot/install/mobile_robot_gazebo/share/mobile_robot_gazebo/rviz/nav.rviz
[0.655s] -- Up-to-date symlink: /home/averot/mobile_robot/install/mobile_robot_gazebo/share/ament_index/resource_index/package_run_dependencies/mobile_robot_gazebo
[0.656s] -- Up-to-date symlink: /home/averot/mobile_robot/install/mobile_robot_gazebo/share/ament_index/resource_index/parent_prefix_path/mobile_robot_gazebo
[0.656s] -- Up-to-date symlink: /home/averot/mobile_robot/install/mobile_robot_gazebo/share/mobile_robot_gazebo/environment/ament_prefix_path.sh
[0.657s] -- Up-to-date symlink: /home/averot/mobile_robot/install/mobile_robot_gazebo/share/mobile_robot_gazebo/environment/ament_prefix_path.dsv
[0.657s] -- Up-to-date symlink: /home/averot/mobile_robot/install/mobile_robot_gazebo/share/mobile_robot_gazebo/environment/path.sh
[0.658s] -- Up-to-date symlink: /home/averot/mobile_robot/install/mobile_robot_gazebo/share/mobile_robot_gazebo/environment/path.dsv
[0.659s] -- Up-to-date symlink: /home/averot/mobile_robot/install/mobile_robot_gazebo/share/mobile_robot_gazebo/local_setup.bash
[0.659s] -- Up-to-date symlink: /home/averot/mobile_robot/install/mobile_robot_gazebo/share/mobile_robot_gazebo/local_setup.sh
[0.660s] -- Up-to-date symlink: /home/averot/mobile_robot/install/mobile_robot_gazebo/share/mobile_robot_gazebo/local_setup.zsh
[0.661s] -- Up-to-date symlink: /home/averot/mobile_robot/install/mobile_robot_gazebo/share/mobile_robot_gazebo/local_setup.dsv
[0.661s] -- Symlinking: /home/averot/mobile_robot/install/mobile_robot_gazebo/share/mobile_robot_gazebo/package.dsv
[0.674s] -- Up-to-date symlink: /home/averot/mobile_robot/install/mobile_robot_gazebo/share/ament_index/resource_index/packages/mobile_robot_gazebo
[0.674s] -- Up-to-date symlink: /home/averot/mobile_robot/install/mobile_robot_gazebo/share/mobile_robot_gazebo/cmake/mobile_robot_gazeboConfig.cmake
[0.675s] -- Up-to-date symlink: /home/averot/mobile_robot/install/mobile_robot_gazebo/share/mobile_robot_gazebo/cmake/mobile_robot_gazeboConfig-version.cmake
[0.675s] -- Up-to-date symlink: /home/averot/mobile_robot/install/mobile_robot_gazebo/share/mobile_robot_gazebo/package.xml
[0.678s] Invoked command in '/home/averot/mobile_robot/build/mobile_robot_gazebo' returned '0': CMAKE_PREFIX_PATH=/home/averot/mobile_robot/install/mobile_robot_description:/home/averot/mobile_robot/ros2_ws/install/mobile_robot_gazebo:/home/averot/mobile_robot/ros2_ws/install/mobile_robot_description:/home/averot/mobile_robot/install/mobile_robot_gazebo:/opt/ros/jazzy/opt/gz_sim_vendor:/opt/ros/jazzy/opt/gz_sensors_vendor:/opt/ros/jazzy/opt/gz_physics_vendor:/opt/ros/jazzy/opt/sdformat_vendor:/opt/ros/jazzy/opt/gz_gui_vendor:/opt/ros/jazzy/opt/gz_transport_vendor:/opt/ros/jazzy/opt/gz_rendering_vendor:/opt/ros/jazzy/opt/gz_plugin_vendor:/opt/ros/jazzy/opt/gz_fuel_tools_vendor:/opt/ros/jazzy/opt/gz_msgs_vendor:/opt/ros/jazzy/opt/gz_common_vendor:/opt/ros/jazzy/opt/gz_math_vendor:/opt/ros/jazzy/opt/gz_utils_vendor:/opt/ros/jazzy/opt/gz_tools_vendor:/opt/ros/jazzy/opt/gz_ogre_next_vendor:/opt/ros/jazzy/opt/gz_dartsim_vendor:/opt/ros/jazzy/opt/gz_cmake_vendor:/opt/ros/jazzy /usr/bin/cmake --install /home/averot/mobile_robot/build/mobile_robot_gazebo
