[0.995s] DEBUG:colcon:Command line arguments: ['/usr/bin/colcon', 'build', '--symlink-install']
[0.995s] DEBUG:colcon:Parsed command line arguments: Namespace(log_base=None, log_level=None, verb_name='build', build_base='build', install_base='install', merge_install=False, symlink_install=True, test_result_base=None, continue_on_error=False, executor='parallel', parallel_workers=8, event_handlers=None, ignore_user_meta=False, metas=['./colcon.meta'], base_paths=['.'], packages_ignore=None, packages_ignore_regex=None, paths=None, packages_up_to=None, packages_up_to_regex=None, packages_above=None, packages_above_and_dependencies=None, packages_above_depth=None, packages_select_by_dep=None, packages_skip_by_dep=None, packages_skip_up_to=None, packages_select_build_failed=False, packages_skip_build_finished=False, packages_select_test_failures=False, packages_skip_test_passed=False, packages_select=None, packages_skip=None, packages_select_regex=None, packages_skip_regex=None, packages_start=None, packages_end=None, allow_overriding=[], cmake_args=None, cmake_target=None, cmake_target_skip_unavailable=False, cmake_clean_cache=False, cmake_clean_first=False, cmake_force_configure=False, ament_cmake_args=None, catkin_cmake_args=None, catkin_skip_building_tests=False, mixin_files=None, mixin=None, verb_parser=<colcon_mixin.mixin.mixin_argument.MixinArgumentDecorator object at 0x7640e48a43b0>, verb_extension=<colcon_core.verb.build.BuildVerb object at 0x7640e4887f80>, main=<bound method BuildVerb.main of <colcon_core.verb.build.BuildVerb object at 0x7640e4887f80>>, mixin_verb=('build',))
[1.089s] Level 1:colcon.colcon_core.package_discovery:discover_packages(colcon_meta) check parameters
[1.089s] Level 1:colcon.colcon_core.package_discovery:discover_packages(recursive) check parameters
[1.089s] Level 1:colcon.colcon_core.package_discovery:discover_packages(ignore) check parameters
[1.089s] Level 1:colcon.colcon_core.package_discovery:discover_packages(path) check parameters
[1.089s] Level 1:colcon.colcon_core.package_discovery:discover_packages(colcon_meta) discover
[1.089s] Level 1:colcon.colcon_core.package_discovery:discover_packages(recursive) discover
[1.090s] INFO:colcon.colcon_core.package_discovery:Crawling recursively for packages in '/home/averot/mobile_robot'
[1.090s] Level 1:colcon.colcon_core.package_identification:_identify(.) by extensions ['ignore', 'ignore_ament_install']
[1.090s] Level 1:colcon.colcon_core.package_identification:_identify(.) by extension 'ignore'
[1.090s] Level 1:colcon.colcon_core.package_identification:_identify(.) by extension 'ignore_ament_install'
[1.090s] Level 1:colcon.colcon_core.package_identification:_identify(.) by extensions ['colcon_pkg']
[1.090s] Level 1:colcon.colcon_core.package_identification:_identify(.) by extension 'colcon_pkg'
[1.091s] Level 1:colcon.colcon_core.package_identification:_identify(.) by extensions ['colcon_meta']
[1.091s] Level 1:colcon.colcon_core.package_identification:_identify(.) by extension 'colcon_meta'
[1.091s] Level 1:colcon.colcon_core.package_identification:_identify(.) by extensions ['ros']
[1.091s] Level 1:colcon.colcon_core.package_identification:_identify(.) by extension 'ros'
[1.155s] Level 1:colcon.colcon_core.package_identification:_identify(.) by extensions ['cmake', 'python']
[1.155s] Level 1:colcon.colcon_core.package_identification:_identify(.) by extension 'cmake'
[1.155s] Level 1:colcon.colcon_core.package_identification:_identify(.) by extension 'python'
[1.156s] Level 1:colcon.colcon_core.package_identification:_identify(.) by extensions ['python_setup_py']
[1.156s] Level 1:colcon.colcon_core.package_identification:_identify(.) by extension 'python_setup_py'
[1.156s] Level 1:colcon.colcon_core.package_identification:_identify(build) by extensions ['ignore', 'ignore_ament_install']
[1.156s] Level 1:colcon.colcon_core.package_identification:_identify(build) by extension 'ignore'
[1.156s] Level 1:colcon.colcon_core.package_identification:_identify(build) ignored
[1.156s] Level 1:colcon.colcon_core.package_identification:_identify(install) by extensions ['ignore', 'ignore_ament_install']
[1.156s] Level 1:colcon.colcon_core.package_identification:_identify(install) by extension 'ignore'
[1.157s] Level 1:colcon.colcon_core.package_identification:_identify(install) ignored
[1.157s] Level 1:colcon.colcon_core.package_identification:_identify(log) by extensions ['ignore', 'ignore_ament_install']
[1.157s] Level 1:colcon.colcon_core.package_identification:_identify(log) by extension 'ignore'
[1.157s] Level 1:colcon.colcon_core.package_identification:_identify(log) ignored
[1.157s] Level 1:colcon.colcon_core.package_identification:_identify(ros2_ws) by extensions ['ignore', 'ignore_ament_install']
[1.157s] Level 1:colcon.colcon_core.package_identification:_identify(ros2_ws) by extension 'ignore'
[1.157s] Level 1:colcon.colcon_core.package_identification:_identify(ros2_ws) by extension 'ignore_ament_install'
[1.157s] Level 1:colcon.colcon_core.package_identification:_identify(ros2_ws) by extensions ['colcon_pkg']
[1.157s] Level 1:colcon.colcon_core.package_identification:_identify(ros2_ws) by extension 'colcon_pkg'
[1.158s] Level 1:colcon.colcon_core.package_identification:_identify(ros2_ws) by extensions ['colcon_meta']
[1.158s] Level 1:colcon.colcon_core.package_identification:_identify(ros2_ws) by extension 'colcon_meta'
[1.158s] Level 1:colcon.colcon_core.package_identification:_identify(ros2_ws) by extensions ['ros']
[1.158s] Level 1:colcon.colcon_core.package_identification:_identify(ros2_ws) by extension 'ros'
[1.158s] Level 1:colcon.colcon_core.package_identification:_identify(ros2_ws) by extensions ['cmake', 'python']
[1.158s] Level 1:colcon.colcon_core.package_identification:_identify(ros2_ws) by extension 'cmake'
[1.158s] Level 1:colcon.colcon_core.package_identification:_identify(ros2_ws) by extension 'python'
[1.158s] Level 1:colcon.colcon_core.package_identification:_identify(ros2_ws) by extensions ['python_setup_py']
[1.158s] Level 1:colcon.colcon_core.package_identification:_identify(ros2_ws) by extension 'python_setup_py'
[1.158s] Level 1:colcon.colcon_core.package_identification:_identify(ros2_ws/build) by extensions ['ignore', 'ignore_ament_install']
[1.159s] Level 1:colcon.colcon_core.package_identification:_identify(ros2_ws/build) by extension 'ignore'
[1.159s] Level 1:colcon.colcon_core.package_identification:_identify(ros2_ws/build) ignored
[1.159s] Level 1:colcon.colcon_core.package_identification:_identify(ros2_ws/install) by extensions ['ignore', 'ignore_ament_install']
[1.160s] Level 1:colcon.colcon_core.package_identification:_identify(ros2_ws/install) by extension 'ignore'
[1.160s] Level 1:colcon.colcon_core.package_identification:_identify(ros2_ws/install) ignored
[1.161s] Level 1:colcon.colcon_core.package_identification:_identify(ros2_ws/log) by extensions ['ignore', 'ignore_ament_install']
[1.161s] Level 1:colcon.colcon_core.package_identification:_identify(ros2_ws/log) by extension 'ignore'
[1.162s] Level 1:colcon.colcon_core.package_identification:_identify(ros2_ws/log) ignored
[1.162s] Level 1:colcon.colcon_core.package_identification:_identify(ros2_ws/src) by extensions ['ignore', 'ignore_ament_install']
[1.162s] Level 1:colcon.colcon_core.package_identification:_identify(ros2_ws/src) by extension 'ignore'
[1.162s] Level 1:colcon.colcon_core.package_identification:_identify(ros2_ws/src) by extension 'ignore_ament_install'
[1.162s] Level 1:colcon.colcon_core.package_identification:_identify(ros2_ws/src) by extensions ['colcon_pkg']
[1.162s] Level 1:colcon.colcon_core.package_identification:_identify(ros2_ws/src) by extension 'colcon_pkg'
[1.162s] Level 1:colcon.colcon_core.package_identification:_identify(ros2_ws/src) by extensions ['colcon_meta']
[1.162s] Level 1:colcon.colcon_core.package_identification:_identify(ros2_ws/src) by extension 'colcon_meta'
[1.162s] Level 1:colcon.colcon_core.package_identification:_identify(ros2_ws/src) by extensions ['ros']
[1.162s] Level 1:colcon.colcon_core.package_identification:_identify(ros2_ws/src) by extension 'ros'
[1.163s] Level 1:colcon.colcon_core.package_identification:_identify(ros2_ws/src) by extensions ['cmake', 'python']
[1.163s] Level 1:colcon.colcon_core.package_identification:_identify(ros2_ws/src) by extension 'cmake'
[1.163s] Level 1:colcon.colcon_core.package_identification:_identify(ros2_ws/src) by extension 'python'
[1.163s] Level 1:colcon.colcon_core.package_identification:_identify(ros2_ws/src) by extensions ['python_setup_py']
[1.163s] Level 1:colcon.colcon_core.package_identification:_identify(ros2_ws/src) by extension 'python_setup_py'
[1.163s] Level 1:colcon.colcon_core.package_identification:_identify(ros2_ws/src/mobile_robot_description) by extensions ['ignore', 'ignore_ament_install']
[1.163s] Level 1:colcon.colcon_core.package_identification:_identify(ros2_ws/src/mobile_robot_description) by extension 'ignore'
[1.163s] Level 1:colcon.colcon_core.package_identification:_identify(ros2_ws/src/mobile_robot_description) by extension 'ignore_ament_install'
[1.163s] Level 1:colcon.colcon_core.package_identification:_identify(ros2_ws/src/mobile_robot_description) by extensions ['colcon_pkg']
[1.163s] Level 1:colcon.colcon_core.package_identification:_identify(ros2_ws/src/mobile_robot_description) by extension 'colcon_pkg'
[1.164s] Level 1:colcon.colcon_core.package_identification:_identify(ros2_ws/src/mobile_robot_description) by extensions ['colcon_meta']
[1.164s] Level 1:colcon.colcon_core.package_identification:_identify(ros2_ws/src/mobile_robot_description) by extension 'colcon_meta'
[1.164s] Level 1:colcon.colcon_core.package_identification:_identify(ros2_ws/src/mobile_robot_description) by extensions ['ros']
[1.164s] Level 1:colcon.colcon_core.package_identification:_identify(ros2_ws/src/mobile_robot_description) by extension 'ros'
[1.168s] DEBUG:colcon.colcon_core.package_identification:Package 'ros2_ws/src/mobile_robot_description' with type 'ros.ament_cmake' and name 'mobile_robot_description'
[1.168s] Level 1:colcon.colcon_core.package_identification:_identify(ros2_ws/src/mobile_robot_gazebo) by extensions ['ignore', 'ignore_ament_install']
[1.168s] Level 1:colcon.colcon_core.package_identification:_identify(ros2_ws/src/mobile_robot_gazebo) by extension 'ignore'
[1.169s] Level 1:colcon.colcon_core.package_identification:_identify(ros2_ws/src/mobile_robot_gazebo) by extension 'ignore_ament_install'
[1.169s] Level 1:colcon.colcon_core.package_identification:_identify(ros2_ws/src/mobile_robot_gazebo) by extensions ['colcon_pkg']
[1.169s] Level 1:colcon.colcon_core.package_identification:_identify(ros2_ws/src/mobile_robot_gazebo) by extension 'colcon_pkg'
[1.169s] Level 1:colcon.colcon_core.package_identification:_identify(ros2_ws/src/mobile_robot_gazebo) by extensions ['colcon_meta']
[1.169s] Level 1:colcon.colcon_core.package_identification:_identify(ros2_ws/src/mobile_robot_gazebo) by extension 'colcon_meta'
[1.169s] Level 1:colcon.colcon_core.package_identification:_identify(ros2_ws/src/mobile_robot_gazebo) by extensions ['ros']
[1.169s] Level 1:colcon.colcon_core.package_identification:_identify(ros2_ws/src/mobile_robot_gazebo) by extension 'ros'
[1.170s] DEBUG:colcon.colcon_core.package_identification:Package 'ros2_ws/src/mobile_robot_gazebo' with type 'ros.ament_cmake' and name 'mobile_robot_gazebo'
[1.170s] Level 1:colcon.colcon_core.package_discovery:discover_packages(recursive) using defaults
[1.170s] Level 1:colcon.colcon_core.package_discovery:discover_packages(ignore) discover
[1.170s] Level 1:colcon.colcon_core.package_discovery:discover_packages(ignore) using defaults
[1.170s] Level 1:colcon.colcon_core.package_discovery:discover_packages(path) discover
[1.170s] Level 1:colcon.colcon_core.package_discovery:discover_packages(path) using defaults
[1.212s] Level 1:colcon.colcon_core.package_discovery:discover_packages(prefix_path) check parameters
[1.212s] Level 1:colcon.colcon_core.package_discovery:discover_packages(prefix_path) discover
[1.225s] DEBUG:colcon.colcon_installed_package_information.package_discovery:Found 2 installed packages in /home/averot/mobile_robot/ros2_ws/install
[1.226s] DEBUG:colcon.colcon_installed_package_information.package_discovery:Found 2 installed packages in /home/averot/mobile_robot/install
[1.228s] DEBUG:colcon.colcon_installed_package_information.package_discovery:Found 391 installed packages in /opt/ros/jazzy
[1.230s] Level 1:colcon.colcon_core.package_discovery:discover_packages(prefix_path) using defaults
[1.322s] Level 5:colcon.colcon_core.verb:set package 'mobile_robot_description' build argument 'cmake_args' from command line to 'None'
[1.323s] Level 5:colcon.colcon_core.verb:set package 'mobile_robot_description' build argument 'cmake_target' from command line to 'None'
[1.323s] Level 5:colcon.colcon_core.verb:set package 'mobile_robot_description' build argument 'cmake_target_skip_unavailable' from command line to 'False'
[1.323s] Level 5:colcon.colcon_core.verb:set package 'mobile_robot_description' build argument 'cmake_clean_cache' from command line to 'False'
[1.323s] Level 5:colcon.colcon_core.verb:set package 'mobile_robot_description' build argument 'cmake_clean_first' from command line to 'False'
[1.323s] Level 5:colcon.colcon_core.verb:set package 'mobile_robot_description' build argument 'cmake_force_configure' from command line to 'False'
[1.323s] Level 5:colcon.colcon_core.verb:set package 'mobile_robot_description' build argument 'ament_cmake_args' from command line to 'None'
[1.323s] Level 5:colcon.colcon_core.verb:set package 'mobile_robot_description' build argument 'catkin_cmake_args' from command line to 'None'
[1.323s] Level 5:colcon.colcon_core.verb:set package 'mobile_robot_description' build argument 'catkin_skip_building_tests' from command line to 'False'
[1.323s] DEBUG:colcon.colcon_core.verb:Building package 'mobile_robot_description' with the following arguments: {'ament_cmake_args': None, 'build_base': '/home/averot/mobile_robot/build/mobile_robot_description', 'catkin_cmake_args': None, 'catkin_skip_building_tests': False, 'cmake_args': None, 'cmake_clean_cache': False, 'cmake_clean_first': False, 'cmake_force_configure': False, 'cmake_target': None, 'cmake_target_skip_unavailable': False, 'install_base': '/home/averot/mobile_robot/install/mobile_robot_description', 'merge_install': False, 'path': '/home/averot/mobile_robot/ros2_ws/src/mobile_robot_description', 'symlink_install': True, 'test_result_base': None}
[1.323s] Level 5:colcon.colcon_core.verb:set package 'mobile_robot_gazebo' build argument 'cmake_args' from command line to 'None'
[1.323s] Level 5:colcon.colcon_core.verb:set package 'mobile_robot_gazebo' build argument 'cmake_target' from command line to 'None'
[1.323s] Level 5:colcon.colcon_core.verb:set package 'mobile_robot_gazebo' build argument 'cmake_target_skip_unavailable' from command line to 'False'
[1.323s] Level 5:colcon.colcon_core.verb:set package 'mobile_robot_gazebo' build argument 'cmake_clean_cache' from command line to 'False'
[1.323s] Level 5:colcon.colcon_core.verb:set package 'mobile_robot_gazebo' build argument 'cmake_clean_first' from command line to 'False'
[1.323s] Level 5:colcon.colcon_core.verb:set package 'mobile_robot_gazebo' build argument 'cmake_force_configure' from command line to 'False'
[1.323s] Level 5:colcon.colcon_core.verb:set package 'mobile_robot_gazebo' build argument 'ament_cmake_args' from command line to 'None'
[1.323s] Level 5:colcon.colcon_core.verb:set package 'mobile_robot_gazebo' build argument 'catkin_cmake_args' from command line to 'None'
[1.323s] Level 5:colcon.colcon_core.verb:set package 'mobile_robot_gazebo' build argument 'catkin_skip_building_tests' from command line to 'False'
[1.323s] DEBUG:colcon.colcon_core.verb:Building package 'mobile_robot_gazebo' with the following arguments: {'ament_cmake_args': None, 'build_base': '/home/averot/mobile_robot/build/mobile_robot_gazebo', 'catkin_cmake_args': None, 'catkin_skip_building_tests': False, 'cmake_args': None, 'cmake_clean_cache': False, 'cmake_clean_first': False, 'cmake_force_configure': False, 'cmake_target': None, 'cmake_target_skip_unavailable': False, 'install_base': '/home/averot/mobile_robot/install/mobile_robot_gazebo', 'merge_install': False, 'path': '/home/averot/mobile_robot/ros2_ws/src/mobile_robot_gazebo', 'symlink_install': True, 'test_result_base': None}
[1.323s] INFO:colcon.colcon_core.executor:Executing jobs using 'parallel' executor
[1.326s] DEBUG:colcon.colcon_parallel_executor.executor.parallel:run_until_complete
[1.326s] INFO:colcon.colcon_ros.task.ament_cmake.build:Building ROS package in '/home/averot/mobile_robot/ros2_ws/src/mobile_robot_description' with build type 'ament_cmake'
[1.326s] INFO:colcon.colcon_cmake.task.cmake.build:Building CMake package in '/home/averot/mobile_robot/ros2_ws/src/mobile_robot_description'
[1.339s] INFO:colcon.colcon_core.plugin_system:Skipping extension 'colcon_core.shell.bat': Not used on non-Windows systems
[1.339s] INFO:colcon.colcon_core.shell:Skip shell extension 'powershell' for command environment: Not usable outside of PowerShell
[1.339s] DEBUG:colcon.colcon_core.shell:Skip shell extension 'dsv' for command environment
[1.359s] DEBUG:colcon.colcon_core.event_handler.log_command:Invoking command in '/home/averot/mobile_robot/build/mobile_robot_description': CMAKE_PREFIX_PATH=${CMAKE_PREFIX_PATH}:/opt/ros/jazzy /usr/bin/cmake --build /home/averot/mobile_robot/build/mobile_robot_description -- -j8 -l8
[1.626s] DEBUG:colcon.colcon_core.event_handler.log_command:Invoked command in '/home/averot/mobile_robot/build/mobile_robot_description' returned '0': CMAKE_PREFIX_PATH=${CMAKE_PREFIX_PATH}:/opt/ros/jazzy /usr/bin/cmake --build /home/averot/mobile_robot/build/mobile_robot_description -- -j8 -l8
[1.644s] DEBUG:colcon.colcon_core.event_handler.log_command:Invoking command in '/home/averot/mobile_robot/build/mobile_robot_description': CMAKE_PREFIX_PATH=${CMAKE_PREFIX_PATH}:/opt/ros/jazzy /usr/bin/cmake --install /home/averot/mobile_robot/build/mobile_robot_description
[1.682s] Level 1:colcon.colcon_core.environment:create_environment_scripts_only(mobile_robot_description)
[1.682s] DEBUG:colcon.colcon_core.event_handler.log_command:Invoked command in '/home/averot/mobile_robot/build/mobile_robot_description' returned '0': CMAKE_PREFIX_PATH=${CMAKE_PREFIX_PATH}:/opt/ros/jazzy /usr/bin/cmake --install /home/averot/mobile_robot/build/mobile_robot_description
[1.698s] Level 1:colcon.colcon_core.environment:checking '/home/averot/mobile_robot/install/mobile_robot_description' for CMake module files
[1.699s] Level 1:colcon.colcon_core.environment:checking '/home/averot/mobile_robot/install/mobile_robot_description' for CMake config files
[1.699s] Level 1:colcon.colcon_core.shell:create_environment_hook('mobile_robot_description', 'cmake_prefix_path')
[1.699s] INFO:colcon.colcon_core.shell:Creating environment hook '/home/averot/mobile_robot/install/mobile_robot_description/share/mobile_robot_description/hook/cmake_prefix_path.ps1'
[1.702s] INFO:colcon.colcon_core.shell:Creating environment descriptor '/home/averot/mobile_robot/install/mobile_robot_description/share/mobile_robot_description/hook/cmake_prefix_path.dsv'
[1.703s] INFO:colcon.colcon_core.shell:Creating environment hook '/home/averot/mobile_robot/install/mobile_robot_description/share/mobile_robot_description/hook/cmake_prefix_path.sh'
[1.704s] Level 1:colcon.colcon_core.environment:checking '/home/averot/mobile_robot/install/mobile_robot_description/bin'
[1.704s] Level 1:colcon.colcon_core.environment:checking '/home/averot/mobile_robot/install/mobile_robot_description/lib/pkgconfig/mobile_robot_description.pc'
[1.705s] Level 1:colcon.colcon_core.environment:checking '/home/averot/mobile_robot/install/mobile_robot_description/lib/python3.12/site-packages'
[1.705s] Level 1:colcon.colcon_core.environment:checking '/home/averot/mobile_robot/install/mobile_robot_description/bin'
[1.705s] INFO:colcon.colcon_core.shell:Creating package script '/home/averot/mobile_robot/install/mobile_robot_description/share/mobile_robot_description/package.ps1'
[1.707s] INFO:colcon.colcon_core.shell:Creating package descriptor '/home/averot/mobile_robot/install/mobile_robot_description/share/mobile_robot_description/package.dsv'
[1.708s] INFO:colcon.colcon_core.shell:Creating package script '/home/averot/mobile_robot/install/mobile_robot_description/share/mobile_robot_description/package.sh'
[1.709s] INFO:colcon.colcon_core.shell:Creating package script '/home/averot/mobile_robot/install/mobile_robot_description/share/mobile_robot_description/package.bash'
[1.711s] INFO:colcon.colcon_core.shell:Creating package script '/home/averot/mobile_robot/install/mobile_robot_description/share/mobile_robot_description/package.zsh'
[1.712s] Level 1:colcon.colcon_core.environment:create_file_with_runtime_dependencies(/home/averot/mobile_robot/install/mobile_robot_description/share/colcon-core/packages/mobile_robot_description)
[1.713s] Level 1:colcon.colcon_core.environment:create_environment_scripts_only(mobile_robot_description)
[1.713s] Level 1:colcon.colcon_core.environment:checking '/home/averot/mobile_robot/install/mobile_robot_description' for CMake module files
[1.714s] Level 1:colcon.colcon_core.environment:checking '/home/averot/mobile_robot/install/mobile_robot_description' for CMake config files
[1.714s] Level 1:colcon.colcon_core.shell:create_environment_hook('mobile_robot_description', 'cmake_prefix_path')
[1.714s] INFO:colcon.colcon_core.shell:Creating environment hook '/home/averot/mobile_robot/install/mobile_robot_description/share/mobile_robot_description/hook/cmake_prefix_path.ps1'
[1.715s] INFO:colcon.colcon_core.shell:Creating environment descriptor '/home/averot/mobile_robot/install/mobile_robot_description/share/mobile_robot_description/hook/cmake_prefix_path.dsv'
[1.715s] INFO:colcon.colcon_core.shell:Creating environment hook '/home/averot/mobile_robot/install/mobile_robot_description/share/mobile_robot_description/hook/cmake_prefix_path.sh'
[1.715s] Level 1:colcon.colcon_core.environment:checking '/home/averot/mobile_robot/install/mobile_robot_description/bin'
[1.716s] Level 1:colcon.colcon_core.environment:checking '/home/averot/mobile_robot/install/mobile_robot_description/lib/pkgconfig/mobile_robot_description.pc'
[1.716s] Level 1:colcon.colcon_core.environment:checking '/home/averot/mobile_robot/install/mobile_robot_description/lib/python3.12/site-packages'
[1.716s] Level 1:colcon.colcon_core.environment:checking '/home/averot/mobile_robot/install/mobile_robot_description/bin'
[1.717s] INFO:colcon.colcon_core.shell:Creating package script '/home/averot/mobile_robot/install/mobile_robot_description/share/mobile_robot_description/package.ps1'
[1.717s] INFO:colcon.colcon_core.shell:Creating package descriptor '/home/averot/mobile_robot/install/mobile_robot_description/share/mobile_robot_description/package.dsv'
[1.718s] INFO:colcon.colcon_core.shell:Creating package script '/home/averot/mobile_robot/install/mobile_robot_description/share/mobile_robot_description/package.sh'
[1.718s] INFO:colcon.colcon_core.shell:Creating package script '/home/averot/mobile_robot/install/mobile_robot_description/share/mobile_robot_description/package.bash'
[1.719s] INFO:colcon.colcon_core.shell:Creating package script '/home/averot/mobile_robot/install/mobile_robot_description/share/mobile_robot_description/package.zsh'
[1.719s] Level 1:colcon.colcon_core.environment:create_file_with_runtime_dependencies(/home/averot/mobile_robot/install/mobile_robot_description/share/colcon-core/packages/mobile_robot_description)
[1.719s] INFO:colcon.colcon_ros.task.ament_cmake.build:Building ROS package in '/home/averot/mobile_robot/ros2_ws/src/mobile_robot_gazebo' with build type 'ament_cmake'
[1.720s] INFO:colcon.colcon_cmake.task.cmake.build:Building CMake package in '/home/averot/mobile_robot/ros2_ws/src/mobile_robot_gazebo'
[1.720s] INFO:colcon.colcon_core.shell:Skip shell extension 'powershell' for command environment: Not usable outside of PowerShell
[1.720s] DEBUG:colcon.colcon_core.shell:Skip shell extension 'dsv' for command environment
[1.812s] DEBUG:colcon.colcon_core.event_handler.log_command:Invoking command in '/home/averot/mobile_robot/build/mobile_robot_gazebo': CMAKE_PREFIX_PATH=/home/averot/mobile_robot/install/mobile_robot_description:/home/averot/mobile_robot/ros2_ws/install/mobile_robot_gazebo:/home/averot/mobile_robot/ros2_ws/install/mobile_robot_description:/home/averot/mobile_robot/install/mobile_robot_gazebo:/opt/ros/jazzy/opt/gz_sim_vendor:/opt/ros/jazzy/opt/gz_sensors_vendor:/opt/ros/jazzy/opt/gz_physics_vendor:/opt/ros/jazzy/opt/sdformat_vendor:/opt/ros/jazzy/opt/gz_gui_vendor:/opt/ros/jazzy/opt/gz_transport_vendor:/opt/ros/jazzy/opt/gz_rendering_vendor:/opt/ros/jazzy/opt/gz_plugin_vendor:/opt/ros/jazzy/opt/gz_fuel_tools_vendor:/opt/ros/jazzy/opt/gz_msgs_vendor:/opt/ros/jazzy/opt/gz_common_vendor:/opt/ros/jazzy/opt/gz_math_vendor:/opt/ros/jazzy/opt/gz_utils_vendor:/opt/ros/jazzy/opt/gz_tools_vendor:/opt/ros/jazzy/opt/gz_ogre_next_vendor:/opt/ros/jazzy/opt/gz_dartsim_vendor:/opt/ros/jazzy/opt/gz_cmake_vendor:/opt/ros/jazzy /usr/bin/cmake --build /home/averot/mobile_robot/build/mobile_robot_gazebo -- -j8 -l8
[2.367s] DEBUG:colcon.colcon_core.event_handler.log_command:Invoked command in '/home/averot/mobile_robot/build/mobile_robot_gazebo' returned '0': CMAKE_PREFIX_PATH=/home/averot/mobile_robot/install/mobile_robot_description:/home/averot/mobile_robot/ros2_ws/install/mobile_robot_gazebo:/home/averot/mobile_robot/ros2_ws/install/mobile_robot_description:/home/averot/mobile_robot/install/mobile_robot_gazebo:/opt/ros/jazzy/opt/gz_sim_vendor:/opt/ros/jazzy/opt/gz_sensors_vendor:/opt/ros/jazzy/opt/gz_physics_vendor:/opt/ros/jazzy/opt/sdformat_vendor:/opt/ros/jazzy/opt/gz_gui_vendor:/opt/ros/jazzy/opt/gz_transport_vendor:/opt/ros/jazzy/opt/gz_rendering_vendor:/opt/ros/jazzy/opt/gz_plugin_vendor:/opt/ros/jazzy/opt/gz_fuel_tools_vendor:/opt/ros/jazzy/opt/gz_msgs_vendor:/opt/ros/jazzy/opt/gz_common_vendor:/opt/ros/jazzy/opt/gz_math_vendor:/opt/ros/jazzy/opt/gz_utils_vendor:/opt/ros/jazzy/opt/gz_tools_vendor:/opt/ros/jazzy/opt/gz_ogre_next_vendor:/opt/ros/jazzy/opt/gz_dartsim_vendor:/opt/ros/jazzy/opt/gz_cmake_vendor:/opt/ros/jazzy /usr/bin/cmake --build /home/averot/mobile_robot/build/mobile_robot_gazebo -- -j8 -l8
[2.369s] DEBUG:colcon.colcon_core.event_handler.log_command:Invoking command in '/home/averot/mobile_robot/build/mobile_robot_gazebo': CMAKE_PREFIX_PATH=/home/averot/mobile_robot/install/mobile_robot_description:/home/averot/mobile_robot/ros2_ws/install/mobile_robot_gazebo:/home/averot/mobile_robot/ros2_ws/install/mobile_robot_description:/home/averot/mobile_robot/install/mobile_robot_gazebo:/opt/ros/jazzy/opt/gz_sim_vendor:/opt/ros/jazzy/opt/gz_sensors_vendor:/opt/ros/jazzy/opt/gz_physics_vendor:/opt/ros/jazzy/opt/sdformat_vendor:/opt/ros/jazzy/opt/gz_gui_vendor:/opt/ros/jazzy/opt/gz_transport_vendor:/opt/ros/jazzy/opt/gz_rendering_vendor:/opt/ros/jazzy/opt/gz_plugin_vendor:/opt/ros/jazzy/opt/gz_fuel_tools_vendor:/opt/ros/jazzy/opt/gz_msgs_vendor:/opt/ros/jazzy/opt/gz_common_vendor:/opt/ros/jazzy/opt/gz_math_vendor:/opt/ros/jazzy/opt/gz_utils_vendor:/opt/ros/jazzy/opt/gz_tools_vendor:/opt/ros/jazzy/opt/gz_ogre_next_vendor:/opt/ros/jazzy/opt/gz_dartsim_vendor:/opt/ros/jazzy/opt/gz_cmake_vendor:/opt/ros/jazzy /usr/bin/cmake --install /home/averot/mobile_robot/build/mobile_robot_gazebo
[2.534s] Level 1:colcon.colcon_core.environment:create_environment_scripts_only(mobile_robot_gazebo)
[2.534s] DEBUG:colcon.colcon_core.event_handler.log_command:Invoked command in '/home/averot/mobile_robot/build/mobile_robot_gazebo' returned '0': CMAKE_PREFIX_PATH=/home/averot/mobile_robot/install/mobile_robot_description:/home/averot/mobile_robot/ros2_ws/install/mobile_robot_gazebo:/home/averot/mobile_robot/ros2_ws/install/mobile_robot_description:/home/averot/mobile_robot/install/mobile_robot_gazebo:/opt/ros/jazzy/opt/gz_sim_vendor:/opt/ros/jazzy/opt/gz_sensors_vendor:/opt/ros/jazzy/opt/gz_physics_vendor:/opt/ros/jazzy/opt/sdformat_vendor:/opt/ros/jazzy/opt/gz_gui_vendor:/opt/ros/jazzy/opt/gz_transport_vendor:/opt/ros/jazzy/opt/gz_rendering_vendor:/opt/ros/jazzy/opt/gz_plugin_vendor:/opt/ros/jazzy/opt/gz_fuel_tools_vendor:/opt/ros/jazzy/opt/gz_msgs_vendor:/opt/ros/jazzy/opt/gz_common_vendor:/opt/ros/jazzy/opt/gz_math_vendor:/opt/ros/jazzy/opt/gz_utils_vendor:/opt/ros/jazzy/opt/gz_tools_vendor:/opt/ros/jazzy/opt/gz_ogre_next_vendor:/opt/ros/jazzy/opt/gz_dartsim_vendor:/opt/ros/jazzy/opt/gz_cmake_vendor:/opt/ros/jazzy /usr/bin/cmake --install /home/averot/mobile_robot/build/mobile_robot_gazebo
[2.534s] Level 1:colcon.colcon_core.environment:checking '/home/averot/mobile_robot/install/mobile_robot_gazebo' for CMake module files
[2.535s] Level 1:colcon.colcon_core.environment:checking '/home/averot/mobile_robot/install/mobile_robot_gazebo' for CMake config files
[2.536s] Level 1:colcon.colcon_core.shell:create_environment_hook('mobile_robot_gazebo', 'cmake_prefix_path')
[2.536s] INFO:colcon.colcon_core.shell:Creating environment hook '/home/averot/mobile_robot/install/mobile_robot_gazebo/share/mobile_robot_gazebo/hook/cmake_prefix_path.ps1'
[2.536s] INFO:colcon.colcon_core.shell:Creating environment descriptor '/home/averot/mobile_robot/install/mobile_robot_gazebo/share/mobile_robot_gazebo/hook/cmake_prefix_path.dsv'
[2.537s] INFO:colcon.colcon_core.shell:Creating environment hook '/home/averot/mobile_robot/install/mobile_robot_gazebo/share/mobile_robot_gazebo/hook/cmake_prefix_path.sh'
[2.537s] Level 1:colcon.colcon_core.environment:checking '/home/averot/mobile_robot/install/mobile_robot_gazebo/bin'
[2.537s] Level 1:colcon.colcon_core.environment:checking '/home/averot/mobile_robot/install/mobile_robot_gazebo/lib/pkgconfig/mobile_robot_gazebo.pc'
[2.537s] Level 1:colcon.colcon_core.environment:checking '/home/averot/mobile_robot/install/mobile_robot_gazebo/lib/python3.12/site-packages'
[2.538s] Level 1:colcon.colcon_core.environment:checking '/home/averot/mobile_robot/install/mobile_robot_gazebo/bin'
[2.538s] INFO:colcon.colcon_core.shell:Creating package script '/home/averot/mobile_robot/install/mobile_robot_gazebo/share/mobile_robot_gazebo/package.ps1'
[2.539s] INFO:colcon.colcon_core.shell:Creating package descriptor '/home/averot/mobile_robot/install/mobile_robot_gazebo/share/mobile_robot_gazebo/package.dsv'
[2.539s] INFO:colcon.colcon_core.shell:Creating package script '/home/averot/mobile_robot/install/mobile_robot_gazebo/share/mobile_robot_gazebo/package.sh'
[2.540s] INFO:colcon.colcon_core.shell:Creating package script '/home/averot/mobile_robot/install/mobile_robot_gazebo/share/mobile_robot_gazebo/package.bash'
[2.540s] INFO:colcon.colcon_core.shell:Creating package script '/home/averot/mobile_robot/install/mobile_robot_gazebo/share/mobile_robot_gazebo/package.zsh'
[2.540s] Level 1:colcon.colcon_core.environment:create_file_with_runtime_dependencies(/home/averot/mobile_robot/install/mobile_robot_gazebo/share/colcon-core/packages/mobile_robot_gazebo)
[2.541s] Level 1:colcon.colcon_core.environment:create_environment_scripts_only(mobile_robot_gazebo)
[2.541s] Level 1:colcon.colcon_core.environment:checking '/home/averot/mobile_robot/install/mobile_robot_gazebo' for CMake module files
[2.542s] Level 1:colcon.colcon_core.environment:checking '/home/averot/mobile_robot/install/mobile_robot_gazebo' for CMake config files
[2.542s] Level 1:colcon.colcon_core.shell:create_environment_hook('mobile_robot_gazebo', 'cmake_prefix_path')
[2.542s] INFO:colcon.colcon_core.shell:Creating environment hook '/home/averot/mobile_robot/install/mobile_robot_gazebo/share/mobile_robot_gazebo/hook/cmake_prefix_path.ps1'
[2.543s] INFO:colcon.colcon_core.shell:Creating environment descriptor '/home/averot/mobile_robot/install/mobile_robot_gazebo/share/mobile_robot_gazebo/hook/cmake_prefix_path.dsv'
[2.543s] INFO:colcon.colcon_core.shell:Creating environment hook '/home/averot/mobile_robot/install/mobile_robot_gazebo/share/mobile_robot_gazebo/hook/cmake_prefix_path.sh'
[2.544s] Level 1:colcon.colcon_core.environment:checking '/home/averot/mobile_robot/install/mobile_robot_gazebo/bin'
[2.544s] Level 1:colcon.colcon_core.environment:checking '/home/averot/mobile_robot/install/mobile_robot_gazebo/lib/pkgconfig/mobile_robot_gazebo.pc'
[2.544s] Level 1:colcon.colcon_core.environment:checking '/home/averot/mobile_robot/install/mobile_robot_gazebo/lib/python3.12/site-packages'
[2.544s] Level 1:colcon.colcon_core.environment:checking '/home/averot/mobile_robot/install/mobile_robot_gazebo/bin'
[2.545s] INFO:colcon.colcon_core.shell:Creating package script '/home/averot/mobile_robot/install/mobile_robot_gazebo/share/mobile_robot_gazebo/package.ps1'
[2.545s] INFO:colcon.colcon_core.shell:Creating package descriptor '/home/averot/mobile_robot/install/mobile_robot_gazebo/share/mobile_robot_gazebo/package.dsv'
[2.546s] INFO:colcon.colcon_core.shell:Creating package script '/home/averot/mobile_robot/install/mobile_robot_gazebo/share/mobile_robot_gazebo/package.sh'
[2.546s] INFO:colcon.colcon_core.shell:Creating package script '/home/averot/mobile_robot/install/mobile_robot_gazebo/share/mobile_robot_gazebo/package.bash'
[2.547s] INFO:colcon.colcon_core.shell:Creating package script '/home/averot/mobile_robot/install/mobile_robot_gazebo/share/mobile_robot_gazebo/package.zsh'
[2.547s] Level 1:colcon.colcon_core.environment:create_file_with_runtime_dependencies(/home/averot/mobile_robot/install/mobile_robot_gazebo/share/colcon-core/packages/mobile_robot_gazebo)
[2.547s] DEBUG:colcon.colcon_parallel_executor.executor.parallel:closing loop
[2.549s] DEBUG:colcon.colcon_parallel_executor.executor.parallel:loop closed
[2.549s] DEBUG:colcon.colcon_parallel_executor.executor.parallel:run_until_complete finished with '0'
[2.549s] DEBUG:colcon.colcon_core.event_reactor:joining thread
[2.640s] INFO:colcon.colcon_core.plugin_system:Skipping extension 'colcon_notification.desktop_notification.notify_send': Could not find 'notify-send'
[2.641s] INFO:colcon.colcon_core.plugin_system:Skipping extension 'colcon_notification.desktop_notification.terminal_notifier': Not used on non-Darwin systems
[2.641s] INFO:colcon.colcon_core.plugin_system:Skipping extension 'colcon_notification.desktop_notification.win32': Not used on non-Windows systems
[2.641s] INFO:colcon.colcon_notification.desktop_notification:Sending desktop notification using 'notify2'
[2.723s] DEBUG:colcon.colcon_notification.desktop_notification.notify2:Failed to initialize notify2: org.freedesktop.DBus.Error.ServiceUnknown: The name org.freedesktop.Notifications was not provided by any .service files
[2.723s] DEBUG:colcon.colcon_core.event_reactor:joined thread
[2.724s] INFO:colcon.colcon_core.shell:Creating prefix script '/home/averot/mobile_robot/install/local_setup.ps1'
[2.725s] INFO:colcon.colcon_core.shell:Creating prefix util module '/home/averot/mobile_robot/install/_local_setup_util_ps1.py'
[2.726s] INFO:colcon.colcon_core.shell:Creating prefix chain script '/home/averot/mobile_robot/install/setup.ps1'
[2.729s] INFO:colcon.colcon_core.shell:Creating prefix script '/home/averot/mobile_robot/install/local_setup.sh'
[2.730s] INFO:colcon.colcon_core.shell:Creating prefix util module '/home/averot/mobile_robot/install/_local_setup_util_sh.py'
[2.733s] INFO:colcon.colcon_core.shell:Creating prefix chain script '/home/averot/mobile_robot/install/setup.sh'
[2.735s] INFO:colcon.colcon_core.shell:Creating prefix script '/home/averot/mobile_robot/install/local_setup.bash'
[2.737s] INFO:colcon.colcon_core.shell:Creating prefix chain script '/home/averot/mobile_robot/install/setup.bash'
[2.739s] INFO:colcon.colcon_core.shell:Creating prefix script '/home/averot/mobile_robot/install/local_setup.zsh'
[2.740s] INFO:colcon.colcon_core.shell:Creating prefix chain script '/home/averot/mobile_robot/install/setup.zsh'
