[0.015s] Invoking command in '/home/averot/mobile_robot/build/mobile_robot_description': CMAKE_PREFIX_PATH=${CMAKE_PREFIX_PATH}:/opt/ros/jazzy /usr/bin/cmake /home/averot/mobile_robot/ros2_ws/src/mobile_robot_description -DAMENT_CMAKE_SYMLINK_INSTALL=1 -DCMAKE_INSTALL_PREFIX=/home/averot/mobile_robot/install/mobile_robot_description
[0.483s] -- The C compiler identification is GNU 13.3.0
[1.975s] -- The CXX compiler identification is GNU 13.3.0
[3.252s] -- Detecting C compiler ABI info
[3.773s] -- Detecting C compiler ABI info - done
[3.783s] -- Check for working C compiler: /usr/bin/cc - skipped
[3.784s] -- Detecting C compile features
[3.785s] -- Detecting C compile features - done
[4.005s] -- Detecting CXX compiler ABI info
[4.567s] -- Detecting CXX compiler ABI info - done
[4.576s] -- Check for working CXX compiler: /usr/bin/c++ - skipped
[4.576s] -- Detecting CXX compile features
[4.577s] -- Detecting CXX compile features - done
[4.594s] -- Found ament_cmake: 2.5.6 (/opt/ros/jazzy/share/ament_cmake/cmake)
[4.810s] -- Found Python3: /usr/bin/python3 (found version "3.12.3") found components: Interpreter 
[4.907s] -- Override CMake install command with custom implementation using symlinks instead of copying resources
[4.995s] -- Found ament_lint_auto: 0.17.5 (/opt/ros/jazzy/share/ament_lint_auto/cmake)
[5.150s] -- Added test 'flake8' to check Python code syntax and style conventions
[5.150s] -- Configured 'flake8' exclude dirs and/or files: 
[5.152s] -- Added test 'lint_cmake' to check CMake code style
[5.154s] -- Added test 'pep257' to check Python code against some of the docstring style conventions in PEP 257
[5.156s] -- Added test 'xmllint' to check XML markup files
[5.160s] -- Configuring done (5.1s)
[5.167s] -- Generating done (0.0s)
[5.170s] -- Build files have been written to: /home/averot/mobile_robot/build/mobile_robot_description
[5.177s] Invoked command in '/home/averot/mobile_robot/build/mobile_robot_description' returned '0': CMAKE_PREFIX_PATH=${CMAKE_PREFIX_PATH}:/opt/ros/jazzy /usr/bin/cmake /home/averot/mobile_robot/ros2_ws/src/mobile_robot_description -DAMENT_CMAKE_SYMLINK_INSTALL=1 -DCMAKE_INSTALL_PREFIX=/home/averot/mobile_robot/install/mobile_robot_description
[5.178s] Invoking command in '/home/averot/mobile_robot/build/mobile_robot_description': CMAKE_PREFIX_PATH=${CMAKE_PREFIX_PATH}:/opt/ros/jazzy /usr/bin/cmake --build /home/averot/mobile_robot/build/mobile_robot_description -- -j8 -l8
[5.228s] Invoked command in '/home/averot/mobile_robot/build/mobile_robot_description' returned '0': CMAKE_PREFIX_PATH=${CMAKE_PREFIX_PATH}:/opt/ros/jazzy /usr/bin/cmake --build /home/averot/mobile_robot/build/mobile_robot_description -- -j8 -l8
[5.242s] Invoking command in '/home/averot/mobile_robot/build/mobile_robot_description': CMAKE_PREFIX_PATH=${CMAKE_PREFIX_PATH}:/opt/ros/jazzy /usr/bin/cmake --install /home/averot/mobile_robot/build/mobile_robot_description
[5.253s] -- Install configuration: ""
[5.254s] -- Execute custom install script
[5.255s] -- Symlinking: /home/averot/mobile_robot/install/mobile_robot_description/share/mobile_robot_description/urdf/mobile_robot.urdf.xacro
[5.268s] -- Symlinking: /home/averot/mobile_robot/install/mobile_robot_description/share/mobile_robot_description/launch/display.launch.py
[5.281s] -- Symlinking: /home/averot/mobile_robot/install/mobile_robot_description/share/ament_index/resource_index/package_run_dependencies/mobile_robot_description
[5.294s] -- Symlinking: /home/averot/mobile_robot/install/mobile_robot_description/share/ament_index/resource_index/parent_prefix_path/mobile_robot_description
[5.307s] -- Symlinking: /home/averot/mobile_robot/install/mobile_robot_description/share/mobile_robot_description/environment/ament_prefix_path.sh
[5.320s] -- Symlinking: /home/averot/mobile_robot/install/mobile_robot_description/share/mobile_robot_description/environment/ament_prefix_path.dsv
[5.332s] -- Symlinking: /home/averot/mobile_robot/install/mobile_robot_description/share/mobile_robot_description/environment/path.sh
[5.344s] -- Symlinking: /home/averot/mobile_robot/install/mobile_robot_description/share/mobile_robot_description/environment/path.dsv
[5.357s] -- Symlinking: /home/averot/mobile_robot/install/mobile_robot_description/share/mobile_robot_description/local_setup.bash
[5.369s] -- Symlinking: /home/averot/mobile_robot/install/mobile_robot_description/share/mobile_robot_description/local_setup.sh
[5.381s] -- Symlinking: /home/averot/mobile_robot/install/mobile_robot_description/share/mobile_robot_description/local_setup.zsh
[5.393s] -- Symlinking: /home/averot/mobile_robot/install/mobile_robot_description/share/mobile_robot_description/local_setup.dsv
[5.405s] -- Symlinking: /home/averot/mobile_robot/install/mobile_robot_description/share/mobile_robot_description/package.dsv
[5.418s] -- Symlinking: /home/averot/mobile_robot/install/mobile_robot_description/share/ament_index/resource_index/packages/mobile_robot_description
[5.431s] -- Symlinking: /home/averot/mobile_robot/install/mobile_robot_description/share/mobile_robot_description/cmake/mobile_robot_descriptionConfig.cmake
[5.443s] -- Symlinking: /home/averot/mobile_robot/install/mobile_robot_description/share/mobile_robot_description/cmake/mobile_robot_descriptionConfig-version.cmake
[5.456s] -- Symlinking: /home/averot/mobile_robot/install/mobile_robot_description/share/mobile_robot_description/package.xml
[5.470s] Invoked command in '/home/averot/mobile_robot/build/mobile_robot_description' returned '0': CMAKE_PREFIX_PATH=${CMAKE_PREFIX_PATH}:/opt/ros/jazzy /usr/bin/cmake --install /home/averot/mobile_robot/build/mobile_robot_description
