-- The C compiler identification is GNU 13.3.0
-- The CXX compiler identification is GNU 13.3.0
-- Detecting C compiler ABI info
-- Detecting C compiler ABI info - done
-- Check for working C compiler: /usr/bin/cc - skipped
-- Detecting C compile features
-- Detecting C compile features - done
-- Detecting CXX compiler ABI info
-- Detecting CXX compiler ABI info - done
-- Check for working CXX compiler: /usr/bin/c++ - skipped
-- Detecting CXX compile features
-- Detecting CXX compile features - done
-- Found ament_cmake: 2.5.6 (/opt/ros/jazzy/share/ament_cmake/cmake)
-- Found Python3: /usr/bin/python3 (found version "3.12.3") found components: Interpreter 
-- Override CMake install command with custom implementation using symlinks instead of copying resources
-- Found ament_lint_auto: 0.17.5 (/opt/ros/jazzy/share/ament_lint_auto/cmake)
-- Added test 'flake8' to check Python code syntax and style conventions
-- Configured 'flake8' exclude dirs and/or files: 
-- Added test 'lint_cmake' to check CMake code style
-- Added test 'pep257' to check Python code against some of the docstring style conventions in PEP 257
-- Added test 'xmllint' to check XML markup files
-- Configuring done (4.5s)
-- Generating done (0.0s)
-- Build files have been written to: /home/averot/mobile_robot/build/mobile_robot_gazebo
-- Install configuration: ""
-- Execute custom install script
-- Symlinking: /home/averot/mobile_robot/install/mobile_robot_gazebo/share/mobile_robot_gazebo/launch/__pycache__/simulation.launch.cpython-312.pyc
-- Symlinking: /home/averot/mobile_robot/install/mobile_robot_gazebo/share/mobile_robot_gazebo/launch/simulation.launch.py
-- Symlinking: /home/averot/mobile_robot/install/mobile_robot_gazebo/share/mobile_robot_gazebo/worlds/empty.world
-- Symlinking: /home/averot/mobile_robot/install/mobile_robot_gazebo/share/ament_index/resource_index/package_run_dependencies/mobile_robot_gazebo
-- Symlinking: /home/averot/mobile_robot/install/mobile_robot_gazebo/share/ament_index/resource_index/parent_prefix_path/mobile_robot_gazebo
-- Symlinking: /home/averot/mobile_robot/install/mobile_robot_gazebo/share/mobile_robot_gazebo/environment/ament_prefix_path.sh
-- Symlinking: /home/averot/mobile_robot/install/mobile_robot_gazebo/share/mobile_robot_gazebo/environment/ament_prefix_path.dsv
-- Symlinking: /home/averot/mobile_robot/install/mobile_robot_gazebo/share/mobile_robot_gazebo/environment/path.sh
-- Symlinking: /home/averot/mobile_robot/install/mobile_robot_gazebo/share/mobile_robot_gazebo/environment/path.dsv
-- Symlinking: /home/averot/mobile_robot/install/mobile_robot_gazebo/share/mobile_robot_gazebo/local_setup.bash
-- Symlinking: /home/averot/mobile_robot/install/mobile_robot_gazebo/share/mobile_robot_gazebo/local_setup.sh
-- Symlinking: /home/averot/mobile_robot/install/mobile_robot_gazebo/share/mobile_robot_gazebo/local_setup.zsh
-- Symlinking: /home/averot/mobile_robot/install/mobile_robot_gazebo/share/mobile_robot_gazebo/local_setup.dsv
-- Symlinking: /home/averot/mobile_robot/install/mobile_robot_gazebo/share/mobile_robot_gazebo/package.dsv
-- Symlinking: /home/averot/mobile_robot/install/mobile_robot_gazebo/share/ament_index/resource_index/packages/mobile_robot_gazebo
-- Symlinking: /home/averot/mobile_robot/install/mobile_robot_gazebo/share/mobile_robot_gazebo/cmake/mobile_robot_gazeboConfig.cmake
-- Symlinking: /home/averot/mobile_robot/install/mobile_robot_gazebo/share/mobile_robot_gazebo/cmake/mobile_robot_gazeboConfig-version.cmake
-- Symlinking: /home/averot/mobile_robot/install/mobile_robot_gazebo/share/mobile_robot_gazebo/package.xml
