[0.133s] Invoking command in '/home/averot/mobile_robot/build/mobile_robot_gazebo': AMENT_PREFIX_PATH=/home/averot/mobile_robot/install/mobile_robot_description:${AMENT_PREFIX_PATH} CMAKE_PREFIX_PATH=/home/averot/mobile_robot/install/mobile_robot_description:/opt/ros/jazzy/opt/gz_sim_vendor:/opt/ros/jazzy/opt/gz_sensors_vendor:/opt/ros/jazzy/opt/gz_physics_vendor:/opt/ros/jazzy/opt/sdformat_vendor:/opt/ros/jazzy/opt/gz_gui_vendor:/opt/ros/jazzy/opt/gz_transport_vendor:/opt/ros/jazzy/opt/gz_rendering_vendor:/opt/ros/jazzy/opt/gz_plugin_vendor:/opt/ros/jazzy/opt/gz_fuel_tools_vendor:/opt/ros/jazzy/opt/gz_msgs_vendor:/opt/ros/jazzy/opt/gz_common_vendor:/opt/ros/jazzy/opt/gz_math_vendor:/opt/ros/jazzy/opt/gz_utils_vendor:/opt/ros/jazzy/opt/gz_tools_vendor:/opt/ros/jazzy/opt/gz_ogre_next_vendor:/opt/ros/jazzy/opt/gz_dartsim_vendor:/opt/ros/jazzy/opt/gz_cmake_vendor:/home/averot/mobile_robot/ros2_ws/install/mobile_robot_gazebo:/home/averot/mobile_robot/ros2_ws/install/mobile_robot_description:/opt/ros/jazzy /usr/bin/cmake /home/averot/mobile_robot/ros2_ws/src/mobile_robot_gazebo -DAMENT_CMAKE_SYMLINK_INSTALL=1 -DCMAKE_INSTALL_PREFIX=/home/averot/mobile_robot/install/mobile_robot_gazebo
[0.430s] -- The C compiler identification is GNU 13.3.0
[1.724s] -- The CXX compiler identification is GNU 13.3.0
[2.971s] -- Detecting C compiler ABI info
[3.459s] -- Detecting C compiler ABI info - done
[3.468s] -- Check for working C compiler: /usr/bin/cc - skipped
[3.468s] -- Detecting C compile features
[3.469s] -- Detecting C compile features - done
[3.662s] -- Detecting CXX compiler ABI info
[4.229s] -- Detecting CXX compiler ABI info - done
[4.238s] -- Check for working CXX compiler: /usr/bin/c++ - skipped
[4.239s] -- Detecting CXX compile features
[4.239s] -- Detecting CXX compile features - done
[4.244s] -- Found ament_cmake: 2.5.6 (/opt/ros/jazzy/share/ament_cmake/cmake)
[4.420s] -- Found Python3: /usr/bin/python3 (found version "3.12.3") found components: Interpreter 
[4.495s] -- Override CMake install command with custom implementation using symlinks instead of copying resources
[4.559s] -- Found ament_lint_auto: 0.17.5 (/opt/ros/jazzy/share/ament_lint_auto/cmake)
[4.682s] -- Added test 'flake8' to check Python code syntax and style conventions
[4.682s] -- Configured 'flake8' exclude dirs and/or files: 
[4.683s] -- Added test 'lint_cmake' to check CMake code style
[4.685s] -- Added test 'pep257' to check Python code against some of the docstring style conventions in PEP 257
[4.687s] -- Added test 'xmllint' to check XML markup files
[4.689s] -- Configuring done (4.5s)
[4.696s] -- Generating done (0.0s)
[4.698s] -- Build files have been written to: /home/averot/mobile_robot/build/mobile_robot_gazebo
[4.704s] Invoked command in '/home/averot/mobile_robot/build/mobile_robot_gazebo' returned '0': AMENT_PREFIX_PATH=/home/averot/mobile_robot/install/mobile_robot_description:${AMENT_PREFIX_PATH} CMAKE_PREFIX_PATH=/home/averot/mobile_robot/install/mobile_robot_description:/opt/ros/jazzy/opt/gz_sim_vendor:/opt/ros/jazzy/opt/gz_sensors_vendor:/opt/ros/jazzy/opt/gz_physics_vendor:/opt/ros/jazzy/opt/sdformat_vendor:/opt/ros/jazzy/opt/gz_gui_vendor:/opt/ros/jazzy/opt/gz_transport_vendor:/opt/ros/jazzy/opt/gz_rendering_vendor:/opt/ros/jazzy/opt/gz_plugin_vendor:/opt/ros/jazzy/opt/gz_fuel_tools_vendor:/opt/ros/jazzy/opt/gz_msgs_vendor:/opt/ros/jazzy/opt/gz_common_vendor:/opt/ros/jazzy/opt/gz_math_vendor:/opt/ros/jazzy/opt/gz_utils_vendor:/opt/ros/jazzy/opt/gz_tools_vendor:/opt/ros/jazzy/opt/gz_ogre_next_vendor:/opt/ros/jazzy/opt/gz_dartsim_vendor:/opt/ros/jazzy/opt/gz_cmake_vendor:/home/averot/mobile_robot/ros2_ws/install/mobile_robot_gazebo:/home/averot/mobile_robot/ros2_ws/install/mobile_robot_description:/opt/ros/jazzy /usr/bin/cmake /home/averot/mobile_robot/ros2_ws/src/mobile_robot_gazebo -DAMENT_CMAKE_SYMLINK_INSTALL=1 -DCMAKE_INSTALL_PREFIX=/home/averot/mobile_robot/install/mobile_robot_gazebo
[4.705s] Invoking command in '/home/averot/mobile_robot/build/mobile_robot_gazebo': AMENT_PREFIX_PATH=/home/averot/mobile_robot/install/mobile_robot_description:${AMENT_PREFIX_PATH} CMAKE_PREFIX_PATH=/home/averot/mobile_robot/install/mobile_robot_description:/opt/ros/jazzy/opt/gz_sim_vendor:/opt/ros/jazzy/opt/gz_sensors_vendor:/opt/ros/jazzy/opt/gz_physics_vendor:/opt/ros/jazzy/opt/sdformat_vendor:/opt/ros/jazzy/opt/gz_gui_vendor:/opt/ros/jazzy/opt/gz_transport_vendor:/opt/ros/jazzy/opt/gz_rendering_vendor:/opt/ros/jazzy/opt/gz_plugin_vendor:/opt/ros/jazzy/opt/gz_fuel_tools_vendor:/opt/ros/jazzy/opt/gz_msgs_vendor:/opt/ros/jazzy/opt/gz_common_vendor:/opt/ros/jazzy/opt/gz_math_vendor:/opt/ros/jazzy/opt/gz_utils_vendor:/opt/ros/jazzy/opt/gz_tools_vendor:/opt/ros/jazzy/opt/gz_ogre_next_vendor:/opt/ros/jazzy/opt/gz_dartsim_vendor:/opt/ros/jazzy/opt/gz_cmake_vendor:/home/averot/mobile_robot/ros2_ws/install/mobile_robot_gazebo:/home/averot/mobile_robot/ros2_ws/install/mobile_robot_description:/opt/ros/jazzy /usr/bin/cmake --build /home/averot/mobile_robot/build/mobile_robot_gazebo -- -j8 -l8
[4.755s] Invoked command in '/home/averot/mobile_robot/build/mobile_robot_gazebo' returned '0': AMENT_PREFIX_PATH=/home/averot/mobile_robot/install/mobile_robot_description:${AMENT_PREFIX_PATH} CMAKE_PREFIX_PATH=/home/averot/mobile_robot/install/mobile_robot_description:/opt/ros/jazzy/opt/gz_sim_vendor:/opt/ros/jazzy/opt/gz_sensors_vendor:/opt/ros/jazzy/opt/gz_physics_vendor:/opt/ros/jazzy/opt/sdformat_vendor:/opt/ros/jazzy/opt/gz_gui_vendor:/opt/ros/jazzy/opt/gz_transport_vendor:/opt/ros/jazzy/opt/gz_rendering_vendor:/opt/ros/jazzy/opt/gz_plugin_vendor:/opt/ros/jazzy/opt/gz_fuel_tools_vendor:/opt/ros/jazzy/opt/gz_msgs_vendor:/opt/ros/jazzy/opt/gz_common_vendor:/opt/ros/jazzy/opt/gz_math_vendor:/opt/ros/jazzy/opt/gz_utils_vendor:/opt/ros/jazzy/opt/gz_tools_vendor:/opt/ros/jazzy/opt/gz_ogre_next_vendor:/opt/ros/jazzy/opt/gz_dartsim_vendor:/opt/ros/jazzy/opt/gz_cmake_vendor:/home/averot/mobile_robot/ros2_ws/install/mobile_robot_gazebo:/home/averot/mobile_robot/ros2_ws/install/mobile_robot_description:/opt/ros/jazzy /usr/bin/cmake --build /home/averot/mobile_robot/build/mobile_robot_gazebo -- -j8 -l8
[4.756s] Invoking command in '/home/averot/mobile_robot/build/mobile_robot_gazebo': AMENT_PREFIX_PATH=/home/averot/mobile_robot/install/mobile_robot_description:${AMENT_PREFIX_PATH} CMAKE_PREFIX_PATH=/home/averot/mobile_robot/install/mobile_robot_description:/opt/ros/jazzy/opt/gz_sim_vendor:/opt/ros/jazzy/opt/gz_sensors_vendor:/opt/ros/jazzy/opt/gz_physics_vendor:/opt/ros/jazzy/opt/sdformat_vendor:/opt/ros/jazzy/opt/gz_gui_vendor:/opt/ros/jazzy/opt/gz_transport_vendor:/opt/ros/jazzy/opt/gz_rendering_vendor:/opt/ros/jazzy/opt/gz_plugin_vendor:/opt/ros/jazzy/opt/gz_fuel_tools_vendor:/opt/ros/jazzy/opt/gz_msgs_vendor:/opt/ros/jazzy/opt/gz_common_vendor:/opt/ros/jazzy/opt/gz_math_vendor:/opt/ros/jazzy/opt/gz_utils_vendor:/opt/ros/jazzy/opt/gz_tools_vendor:/opt/ros/jazzy/opt/gz_ogre_next_vendor:/opt/ros/jazzy/opt/gz_dartsim_vendor:/opt/ros/jazzy/opt/gz_cmake_vendor:/home/averot/mobile_robot/ros2_ws/install/mobile_robot_gazebo:/home/averot/mobile_robot/ros2_ws/install/mobile_robot_description:/opt/ros/jazzy /usr/bin/cmake --install /home/averot/mobile_robot/build/mobile_robot_gazebo
[4.766s] -- Install configuration: ""
[4.767s] -- Execute custom install script
[4.769s] -- Symlinking: /home/averot/mobile_robot/install/mobile_robot_gazebo/share/mobile_robot_gazebo/launch/__pycache__/simulation.launch.cpython-312.pyc
[4.780s] -- Symlinking: /home/averot/mobile_robot/install/mobile_robot_gazebo/share/mobile_robot_gazebo/launch/simulation.launch.py
[4.793s] -- Symlinking: /home/averot/mobile_robot/install/mobile_robot_gazebo/share/mobile_robot_gazebo/worlds/empty.world
[4.806s] -- Symlinking: /home/averot/mobile_robot/install/mobile_robot_gazebo/share/ament_index/resource_index/package_run_dependencies/mobile_robot_gazebo
[4.818s] -- Symlinking: /home/averot/mobile_robot/install/mobile_robot_gazebo/share/ament_index/resource_index/parent_prefix_path/mobile_robot_gazebo
[4.831s] -- Symlinking: /home/averot/mobile_robot/install/mobile_robot_gazebo/share/mobile_robot_gazebo/environment/ament_prefix_path.sh
[4.844s] -- Symlinking: /home/averot/mobile_robot/install/mobile_robot_gazebo/share/mobile_robot_gazebo/environment/ament_prefix_path.dsv
[4.857s] -- Symlinking: /home/averot/mobile_robot/install/mobile_robot_gazebo/share/mobile_robot_gazebo/environment/path.sh
[4.869s] -- Symlinking: /home/averot/mobile_robot/install/mobile_robot_gazebo/share/mobile_robot_gazebo/environment/path.dsv
[4.881s] -- Symlinking: /home/averot/mobile_robot/install/mobile_robot_gazebo/share/mobile_robot_gazebo/local_setup.bash
[4.894s] -- Symlinking: /home/averot/mobile_robot/install/mobile_robot_gazebo/share/mobile_robot_gazebo/local_setup.sh
[4.908s] -- Symlinking: /home/averot/mobile_robot/install/mobile_robot_gazebo/share/mobile_robot_gazebo/local_setup.zsh
[4.921s] -- Symlinking: /home/averot/mobile_robot/install/mobile_robot_gazebo/share/mobile_robot_gazebo/local_setup.dsv
[4.933s] -- Symlinking: /home/averot/mobile_robot/install/mobile_robot_gazebo/share/mobile_robot_gazebo/package.dsv
[4.946s] -- Symlinking: /home/averot/mobile_robot/install/mobile_robot_gazebo/share/ament_index/resource_index/packages/mobile_robot_gazebo
[4.959s] -- Symlinking: /home/averot/mobile_robot/install/mobile_robot_gazebo/share/mobile_robot_gazebo/cmake/mobile_robot_gazeboConfig.cmake
[4.971s] -- Symlinking: /home/averot/mobile_robot/install/mobile_robot_gazebo/share/mobile_robot_gazebo/cmake/mobile_robot_gazeboConfig-version.cmake
[4.983s] -- Symlinking: /home/averot/mobile_robot/install/mobile_robot_gazebo/share/mobile_robot_gazebo/package.xml
[4.998s] Invoked command in '/home/averot/mobile_robot/build/mobile_robot_gazebo' returned '0': AMENT_PREFIX_PATH=/home/averot/mobile_robot/install/mobile_robot_description:${AMENT_PREFIX_PATH} CMAKE_PREFIX_PATH=/home/averot/mobile_robot/install/mobile_robot_description:/opt/ros/jazzy/opt/gz_sim_vendor:/opt/ros/jazzy/opt/gz_sensors_vendor:/opt/ros/jazzy/opt/gz_physics_vendor:/opt/ros/jazzy/opt/sdformat_vendor:/opt/ros/jazzy/opt/gz_gui_vendor:/opt/ros/jazzy/opt/gz_transport_vendor:/opt/ros/jazzy/opt/gz_rendering_vendor:/opt/ros/jazzy/opt/gz_plugin_vendor:/opt/ros/jazzy/opt/gz_fuel_tools_vendor:/opt/ros/jazzy/opt/gz_msgs_vendor:/opt/ros/jazzy/opt/gz_common_vendor:/opt/ros/jazzy/opt/gz_math_vendor:/opt/ros/jazzy/opt/gz_utils_vendor:/opt/ros/jazzy/opt/gz_tools_vendor:/opt/ros/jazzy/opt/gz_ogre_next_vendor:/opt/ros/jazzy/opt/gz_dartsim_vendor:/opt/ros/jazzy/opt/gz_cmake_vendor:/home/averot/mobile_robot/ros2_ws/install/mobile_robot_gazebo:/home/averot/mobile_robot/ros2_ws/install/mobile_robot_description:/opt/ros/jazzy /usr/bin/cmake --install /home/averot/mobile_robot/build/mobile_robot_gazebo
