[0.031s] Invoking command in '/home/averot/mobile_robot/build/mobile_robot_description': CMAKE_PREFIX_PATH=${CMAKE_PREFIX_PATH}:/opt/ros/jazzy /usr/bin/cmake --build /home/averot/mobile_robot/build/mobile_robot_description -- -j8 -l8
[0.269s] Invoked command in '/home/averot/mobile_robot/build/mobile_robot_description' returned '0': CMAKE_PREFIX_PATH=${CMAKE_PREFIX_PATH}:/opt/ros/jazzy /usr/bin/cmake --build /home/averot/mobile_robot/build/mobile_robot_description -- -j8 -l8
[0.297s] Invoking command in '/home/averot/mobile_robot/build/mobile_robot_description': CMAKE_PREFIX_PATH=${CMAKE_PREFIX_PATH}:/opt/ros/jazzy /usr/bin/cmake --install /home/averot/mobile_robot/build/mobile_robot_description
[0.320s] -- Install configuration: ""
[0.325s] -- Execute custom install script
[0.332s] -- Up-to-date symlink: /home/averot/mobile_robot/install/mobile_robot_description/share/mobile_robot_description/urdf/mobile_robot.urdf.xacro
[0.333s] -- Up-to-date symlink: /home/averot/mobile_robot/install/mobile_robot_description/share/mobile_robot_description/launch/display.launch.py
[0.334s] -- Up-to-date symlink: /home/averot/mobile_robot/install/mobile_robot_description/share/ament_index/resource_index/package_run_dependencies/mobile_robot_description
[0.335s] -- Up-to-date symlink: /home/averot/mobile_robot/install/mobile_robot_description/share/ament_index/resource_index/parent_prefix_path/mobile_robot_description
[0.335s] -- Up-to-date symlink: /home/averot/mobile_robot/install/mobile_robot_description/share/mobile_robot_description/environment/ament_prefix_path.sh
[0.335s] -- Up-to-date symlink: /home/averot/mobile_robot/install/mobile_robot_description/share/mobile_robot_description/environment/ament_prefix_path.dsv
[0.336s] -- Up-to-date symlink: /home/averot/mobile_robot/install/mobile_robot_description/share/mobile_robot_description/environment/path.sh
[0.336s] -- Up-to-date symlink: /home/averot/mobile_robot/install/mobile_robot_description/share/mobile_robot_description/environment/path.dsv
[0.337s] -- Up-to-date symlink: /home/averot/mobile_robot/install/mobile_robot_description/share/mobile_robot_description/local_setup.bash
[0.338s] -- Up-to-date symlink: /home/averot/mobile_robot/install/mobile_robot_description/share/mobile_robot_description/local_setup.sh
[0.338s] -- Up-to-date symlink: /home/averot/mobile_robot/install/mobile_robot_description/share/mobile_robot_description/local_setup.zsh
[0.339s] -- Up-to-date symlink: /home/averot/mobile_robot/install/mobile_robot_description/share/mobile_robot_description/local_setup.dsv
[0.339s] -- Symlinking: /home/averot/mobile_robot/install/mobile_robot_description/share/mobile_robot_description/package.dsv
[0.358s] -- Up-to-date symlink: /home/averot/mobile_robot/install/mobile_robot_description/share/ament_index/resource_index/packages/mobile_robot_description
[0.358s] -- Up-to-date symlink: /home/averot/mobile_robot/install/mobile_robot_description/share/mobile_robot_description/cmake/mobile_robot_descriptionConfig.cmake
[0.358s] -- Up-to-date symlink: /home/averot/mobile_robot/install/mobile_robot_description/share/mobile_robot_description/cmake/mobile_robot_descriptionConfig-version.cmake
[0.359s] -- Up-to-date symlink: /home/averot/mobile_robot/install/mobile_robot_description/share/mobile_robot_description/package.xml
[0.363s] Invoked command in '/home/averot/mobile_robot/build/mobile_robot_description' returned '0': CMAKE_PREFIX_PATH=${CMAKE_PREFIX_PATH}:/opt/ros/jazzy /usr/bin/cmake --install /home/averot/mobile_robot/build/mobile_robot_description
