-- Found ament_cmake: 2.5.6 (/opt/ros/jazzy/share/ament_cmake/cmake)
-- Override CMake install command with custom implementation using symlinks instead of copying resources
-- Found ament_lint_auto: 0.17.5 (/opt/ros/jazzy/share/ament_lint_auto/cmake)
-- Added test 'flake8' to check Python code syntax and style conventions
-- Configured 'flake8' exclude dirs and/or files: 
-- Added test 'lint_cmake' to check CMake code style
-- Added test 'pep257' to check Python code against some of the docstring style conventions in PEP 257
-- Added test 'xmllint' to check XML markup files
-- Configuring done (0.5s)
-- Generating done (0.0s)
-- Build files have been written to: /home/averot/mobile_robot/build/mobile_robot_gazebo
-- Install configuration: ""
-- Execute custom install script
-- Symlinking: /home/averot/mobile_robot/install/mobile_robot_gazebo/share/mobile_robot_gazebo/launch/__pycache__/simulation.launch.cpython-312.pyc
-- Up-to-date symlink: /home/averot/mobile_robot/install/mobile_robot_gazebo/share/mobile_robot_gazebo/launch/simulation.launch.py
-- Up-to-date symlink: /home/averot/mobile_robot/install/mobile_robot_gazebo/share/mobile_robot_gazebo/worlds/empty.world
-- Up-to-date symlink: /home/averot/mobile_robot/install/mobile_robot_gazebo/share/mobile_robot_gazebo/config/bridge.yaml
-- Symlinking: /home/averot/mobile_robot/install/mobile_robot_gazebo/share/mobile_robot_gazebo/config/ekf.yaml
-- Up-to-date symlink: /home/averot/mobile_robot/install/mobile_robot_gazebo/share/mobile_robot_gazebo/config/nav.yaml
-- Up-to-date symlink: /home/averot/mobile_robot/install/mobile_robot_gazebo/share/mobile_robot_gazebo/config/slam.yaml
-- Symlinking: /home/averot/mobile_robot/install/mobile_robot_gazebo/share/mobile_robot_gazebo/maps/empty_world_test.pgm
-- Symlinking: /home/averot/mobile_robot/install/mobile_robot_gazebo/share/mobile_robot_gazebo/maps/empty_world_test.yaml
-- Symlinking: /home/averot/mobile_robot/install/mobile_robot_gazebo/share/mobile_robot_gazebo/maps/empty_world_test2.pgm
-- Symlinking: /home/averot/mobile_robot/install/mobile_robot_gazebo/share/mobile_robot_gazebo/maps/empty_world_test2.yaml
-- Symlinking: /home/averot/mobile_robot/install/mobile_robot_gazebo/share/mobile_robot_gazebo/maps/empty_world_test3.pgm
-- Symlinking: /home/averot/mobile_robot/install/mobile_robot_gazebo/share/mobile_robot_gazebo/maps/empty_world_test3.yaml
-- Symlinking: /home/averot/mobile_robot/install/mobile_robot_gazebo/share/mobile_robot_gazebo/maps/obstacles_world1.pgm
-- Symlinking: /home/averot/mobile_robot/install/mobile_robot_gazebo/share/mobile_robot_gazebo/maps/obstacles_world1.yaml
-- Up-to-date symlink: /home/averot/mobile_robot/install/mobile_robot_gazebo/share/ament_index/resource_index/package_run_dependencies/mobile_robot_gazebo
-- Up-to-date symlink: /home/averot/mobile_robot/install/mobile_robot_gazebo/share/ament_index/resource_index/parent_prefix_path/mobile_robot_gazebo
-- Up-to-date symlink: /home/averot/mobile_robot/install/mobile_robot_gazebo/share/mobile_robot_gazebo/environment/ament_prefix_path.sh
-- Up-to-date symlink: /home/averot/mobile_robot/install/mobile_robot_gazebo/share/mobile_robot_gazebo/environment/ament_prefix_path.dsv
-- Up-to-date symlink: /home/averot/mobile_robot/install/mobile_robot_gazebo/share/mobile_robot_gazebo/environment/path.sh
-- Up-to-date symlink: /home/averot/mobile_robot/install/mobile_robot_gazebo/share/mobile_robot_gazebo/environment/path.dsv
-- Up-to-date symlink: /home/averot/mobile_robot/install/mobile_robot_gazebo/share/mobile_robot_gazebo/local_setup.bash
-- Up-to-date symlink: /home/averot/mobile_robot/install/mobile_robot_gazebo/share/mobile_robot_gazebo/local_setup.sh
-- Up-to-date symlink: /home/averot/mobile_robot/install/mobile_robot_gazebo/share/mobile_robot_gazebo/local_setup.zsh
-- Up-to-date symlink: /home/averot/mobile_robot/install/mobile_robot_gazebo/share/mobile_robot_gazebo/local_setup.dsv
-- Symlinking: /home/averot/mobile_robot/install/mobile_robot_gazebo/share/mobile_robot_gazebo/package.dsv
-- Up-to-date symlink: /home/averot/mobile_robot/install/mobile_robot_gazebo/share/ament_index/resource_index/packages/mobile_robot_gazebo
-- Up-to-date symlink: /home/averot/mobile_robot/install/mobile_robot_gazebo/share/mobile_robot_gazebo/cmake/mobile_robot_gazeboConfig.cmake
-- Up-to-date symlink: /home/averot/mobile_robot/install/mobile_robot_gazebo/share/mobile_robot_gazebo/cmake/mobile_robot_gazeboConfig-version.cmake
-- Up-to-date symlink: /home/averot/mobile_robot/install/mobile_robot_gazebo/share/mobile_robot_gazebo/package.xml
